{"numTotalTestSuites":90,"numPassedTestSuites":90,"numFailedTestSuites":0,"numPendingTestSuites":0,"numTotalTests":89,"numPassedTests":89,"numFailedTests":0,"numPendingTests":0,"numTodoTests":0,"snapshot":{"added":0,"failure":false,"filesAdded":0,"filesRemoved":0,"filesRemovedList":[],"filesUnmatched":0,"filesUpdated":0,"matched":0,"total":0,"unchecked":0,"uncheckedKeysByFile":[],"unmatched":0,"updated":0,"didUpdate":false},"startTime":1779723305836,"success":true,"testResults":[{"assertionResults":[{"ancestorTitles":["App"],"fullName":"App should render App correctly","status":"passed","title":"should render App correctly","duration":16.42816700000003,"failureMessages":[],"meta":{}}],"startTime":1779723307483,"endTime":1779723307499.4282,"status":"passed","message":"","name":"/Users/yevhen.fabizhevskyi/Source/personal/business-card/src/__tests__/components/App.spec.tsx"},{"assertionResults":[{"ancestorTitles":["App404"],"fullName":"App404 ['gb'] should render App404 correctly","status":"passed","title":"['gb'] should render App404 correctly","duration":17.330791999999974,"failureMessages":[],"meta":{}},{"ancestorTitles":["App404"],"fullName":"App404 ['jp'] should render App404 correctly","status":"passed","title":"['jp'] should render App404 correctly","duration":1.755625000000009,"failureMessages":[],"meta":{}},{"ancestorTitles":["App404"],"fullName":"App404 ['ua'] should render App404 correctly","status":"passed","title":"['ua'] should render App404 correctly","duration":1.2701250000000073,"failureMessages":[],"meta":{}},{"ancestorTitles":["App404"],"fullName":"App404 redirecting should work correctly","status":"passed","title":"redirecting should work correctly","duration":0.9055000000000746,"failureMessages":[],"meta":{}}],"startTime":1779723306698,"endTime":1779723306719.9055,"status":"passed","message":"","name":"/Users/yevhen.fabizhevskyi/Source/personal/business-card/src/__tests__/components/App404.spec.tsx"},{"assertionResults":[{"ancestorTitles":["BackToTopButton"],"fullName":"BackToTopButton should render BackToTopButton correctly","status":"passed","title":"should render BackToTopButton correctly","duration":12.860374999999976,"failureMessages":[],"meta":{}},{"ancestorTitles":["BackToTopButton"],"fullName":"BackToTopButton should scroll to top","status":"passed","title":"should scroll to top","duration":4.11687500000005,"failureMessages":[],"meta":{}}],"startTime":1779723307407,"endTime":1779723307424.117,"status":"passed","message":"","name":"/Users/yevhen.fabizhevskyi/Source/personal/business-card/src/__tests__/components/BackToTopButton.spec.tsx"},{"assertionResults":[{"ancestorTitles":["Badges"],"fullName":"Badges should render Badges correctly","status":"passed","title":"should render Badges correctly","duration":16.902625000000057,"failureMessages":[],"meta":{}}],"startTime":1779723307396,"endTime":1779723307412.9026,"status":"passed","message":"","name":"/Users/yevhen.fabizhevskyi/Source/personal/business-card/src/__tests__/components/Badges.spec.tsx"},{"assertionResults":[{"ancestorTitles":["Header"],"fullName":"Header should render Header correctly","status":"passed","title":"should render Header correctly","duration":18.987874999999917,"failureMessages":[],"meta":{}}],"startTime":1779723306703,"endTime":1779723306721.9878,"status":"passed","message":"","name":"/Users/yevhen.fabizhevskyi/Source/personal/business-card/src/__tests__/components/Header.spec.tsx"},{"assertionResults":[{"ancestorTitles":["LoadingSpinner"],"fullName":"LoadingSpinner should render LoadingSpinner correctly with dark color","status":"passed","title":"should render LoadingSpinner correctly with dark color","duration":14.038042000000019,"failureMessages":[],"meta":{}},{"ancestorTitles":["LoadingSpinner"],"fullName":"LoadingSpinner should render LoadingSpinner correctly with light color","status":"passed","title":"should render LoadingSpinner correctly with light color","duration":1.3225830000000087,"failureMessages":[],"meta":{}},{"ancestorTitles":["LoadingSpinner"],"fullName":"LoadingSpinner should render LoadingSpinner correctly with success color","status":"passed","title":"should render LoadingSpinner correctly with success color","duration":0.8398339999999962,"failureMessages":[],"meta":{}},{"ancestorTitles":["LoadingSpinner"],"fullName":"LoadingSpinner should render LoadingSpinner correctly with dark theme","status":"passed","title":"should render LoadingSpinner correctly with dark theme","duration":0.6651249999999891,"failureMessages":[],"meta":{}},{"ancestorTitles":["LoadingSpinner"],"fullName":"LoadingSpinner should render LoadingSpinner correctly with light theme","status":"passed","title":"should render LoadingSpinner correctly with light theme","duration":0.6742500000000291,"failureMessages":[],"meta":{}},{"ancestorTitles":["LoadingSpinner"],"fullName":"LoadingSpinner should render LoadingSpinner correctly with dark background","status":"passed","title":"should render LoadingSpinner correctly with dark background","duration":0.7044580000000451,"failureMessages":[],"meta":{}},{"ancestorTitles":["LoadingSpinner"],"fullName":"LoadingSpinner should render LoadingSpinner correctly with light background","status":"passed","title":"should render LoadingSpinner correctly with light background","duration":0.5270000000000437,"failureMessages":[],"meta":{}}],"startTime":1779723306545,"endTime":1779723306563.7043,"status":"passed","message":"","name":"/Users/yevhen.fabizhevskyi/Source/personal/business-card/src/__tests__/components/LoadingSpinner.spec.tsx"},{"assertionResults":[{"ancestorTitles":["Resume"],"fullName":"Resume should render Resume correctly","status":"passed","title":"should render Resume correctly","duration":13.925458000000049,"failureMessages":[],"meta":{}}],"startTime":1779723308072,"endTime":1779723308085.9255,"status":"passed","message":"","name":"/Users/yevhen.fabizhevskyi/Source/personal/business-card/src/__tests__/components/Resume.spec.tsx"},{"assertionResults":[{"ancestorTitles":["Skills"],"fullName":"Skills should render Skills correctly while loading","status":"passed","title":"should render Skills correctly while loading","duration":14.798541999999998,"failureMessages":[],"meta":{}},{"ancestorTitles":["Skills"],"fullName":"Skills should render Skills correctly while loading","status":"passed","title":"should render Skills correctly while loading","duration":4.069749999999999,"failureMessages":[],"meta":{}}],"startTime":1779723306863,"endTime":1779723306882.0698,"status":"passed","message":"","name":"/Users/yevhen.fabizhevskyi/Source/personal/business-card/src/__tests__/components/Skills.spec.tsx"},{"assertionResults":[{"ancestorTitles":["DevMessageProducer"],"fullName":"DevMessageProducer should build default messages correctly","status":"passed","title":"should build default messages correctly","duration":0.9435419999999795,"failureMessages":[],"meta":{}}],"startTime":1779723308180,"endTime":1779723308180.9436,"status":"passed","message":"","name":"/Users/yevhen.fabizhevskyi/Source/personal/business-card/src/__tests__/scripts/DevMessageProducer.spec.ts"},{"assertionResults":[{"ancestorTitles":["DigitConverter"],"fullName":"DigitConverter should convert to 'single' byte correctly","status":"passed","title":"should convert to 'single' byte correctly","duration":0.6807909999999993,"failureMessages":[],"meta":{}},{"ancestorTitles":["DigitConverter"],"fullName":"DigitConverter should convert to 'double' byte correctly","status":"passed","title":"should convert to 'double' byte correctly","duration":0.08658300000001873,"failureMessages":[],"meta":{}}],"startTime":1779723308274,"endTime":1779723308275.0867,"status":"passed","message":"","name":"/Users/yevhen.fabizhevskyi/Source/personal/business-card/src/__tests__/scripts/DigitConverter.spec.ts"},{"assertionResults":[{"ancestorTitles":[],"fullName":"should calculate total experience correctly","status":"passed","title":"should calculate total experience correctly","duration":0.8891250000000355,"failureMessages":[],"meta":{}}],"startTime":1779723308314,"endTime":1779723308314.8892,"status":"passed","message":"","name":"/Users/yevhen.fabizhevskyi/Source/personal/business-card/src/__tests__/scripts/ExperienceCalculations.spec.ts"},{"assertionResults":[{"ancestorTitles":["SupportedLocales"],"fullName":"SupportedLocales should return gb locale as default","status":"passed","title":"should return gb locale as default","duration":0.8190419999999676,"failureMessages":[],"meta":{}},{"ancestorTitles":["SupportedLocales"],"fullName":"SupportedLocales should return default locale in case of invalid code","status":"passed","title":"should return default locale in case of invalid code","duration":0.0819170000000895,"failureMessages":[],"meta":{}},{"ancestorTitles":["SupportedLocales"],"fullName":"SupportedLocales should return 'gb' locale by code","status":"passed","title":"should return 'gb' locale by code","duration":0.05129099999999198,"failureMessages":[],"meta":{}},{"ancestorTitles":["SupportedLocales"],"fullName":"SupportedLocales should return 'jp' locale by code","status":"passed","title":"should return 'jp' locale by code","duration":0.037916999999993095,"failureMessages":[],"meta":{}},{"ancestorTitles":["SupportedLocales"],"fullName":"SupportedLocales should return 'ua' locale by code","status":"passed","title":"should return 'ua' locale by code","duration":0.02883299999996325,"failureMessages":[],"meta":{}},{"ancestorTitles":["SupportedLocales"],"fullName":"SupportedLocales should return all locales except of 'gb' locale","status":"passed","title":"should return all locales except of 'gb' locale","duration":0.06958300000007966,"failureMessages":[],"meta":{}},{"ancestorTitles":["SupportedLocales"],"fullName":"SupportedLocales should return all locales except of 'jp' locale","status":"passed","title":"should return all locales except of 'jp' locale","duration":0.03304199999990942,"failureMessages":[],"meta":{}},{"ancestorTitles":["SupportedLocales"],"fullName":"SupportedLocales should return all locales except of 'ua' locale","status":"passed","title":"should return all locales except of 'ua' locale","duration":0.03125,"failureMessages":[],"meta":{}}],"startTime":1779723308212,"endTime":1779723308213.082,"status":"passed","message":"","name":"/Users/yevhen.fabizhevskyi/Source/personal/business-card/src/__tests__/scripts/SupportedLocales.spec.ts"},{"assertionResults":[{"ancestorTitles":["AboutMain"],"fullName":"AboutMain should render AboutMain correctly","status":"passed","title":"should render AboutMain correctly","duration":20.374083999999925,"failureMessages":[],"meta":{}},{"ancestorTitles":["AboutMain"],"fullName":"AboutMain renderList should return string when children is string","status":"passed","title":"renderList should return string when children is string","duration":0.7389169999999012,"failureMessages":[],"meta":{}},{"ancestorTitles":["AboutMain"],"fullName":"AboutMain renderList should return ul when children is list","status":"passed","title":"renderList should return ul when children is list","duration":2.234874999999988,"failureMessages":[],"meta":{}}],"startTime":1779723306713,"endTime":1779723306736.2349,"status":"passed","message":"","name":"/Users/yevhen.fabizhevskyi/Source/personal/business-card/src/__tests__/components/About/AboutMain.spec.tsx"},{"assertionResults":[{"ancestorTitles":["CertificateItem"],"fullName":"CertificateItem should render CertificateItem correctly","status":"passed","title":"should render CertificateItem correctly","duration":20.463750000000005,"failureMessages":[],"meta":{}}],"startTime":1779723307590,"endTime":1779723307610.4639,"status":"passed","message":"","name":"/Users/yevhen.fabizhevskyi/Source/personal/business-card/src/__tests__/components/Certificates/CertificateItem.spec.tsx"},{"assertionResults":[{"ancestorTitles":["CertificatesMain"],"fullName":"CertificatesMain should render CertificatesMain correctly","status":"passed","title":"should render CertificatesMain correctly","duration":18.728624999999965,"failureMessages":[],"meta":{}}],"startTime":1779723306919,"endTime":1779723306937.7285,"status":"passed","message":"","name":"/Users/yevhen.fabizhevskyi/Source/personal/business-card/src/__tests__/components/Certificates/CertificatesMain.spec.tsx"},{"assertionResults":[{"ancestorTitles":["ErrorBlock"],"fullName":"ErrorBlock should render ErrorBlock correctly","status":"passed","title":"should render ErrorBlock correctly","duration":15.701167000000055,"failureMessages":[],"meta":{}}],"startTime":1779723308247,"endTime":1779723308262.7012,"status":"passed","message":"","name":"/Users/yevhen.fabizhevskyi/Source/personal/business-card/src/__tests__/components/Controls/ErrorBlock.spec.tsx"},{"assertionResults":[{"ancestorTitles":["Section"],"fullName":"Section should render Section correctly","status":"passed","title":"should render Section correctly","duration":14.617875000000026,"failureMessages":[],"meta":{}}],"startTime":1779723308244,"endTime":1779723308258.618,"status":"passed","message":"","name":"/Users/yevhen.fabizhevskyi/Source/personal/business-card/src/__tests__/components/Controls/Section.spec.tsx"},{"assertionResults":[{"ancestorTitles":["SectionTitle"],"fullName":"SectionTitle should render SectionTitle correctly","status":"passed","title":"should render SectionTitle correctly","duration":13.868167000000085,"failureMessages":[],"meta":{}}],"startTime":1779723308104,"endTime":1779723308117.8682,"status":"passed","message":"","name":"/Users/yevhen.fabizhevskyi/Source/personal/business-card/src/__tests__/components/Controls/SectionTitle.spec.tsx"},{"assertionResults":[{"ancestorTitles":["SocialIcon"],"fullName":"SocialIcon should render SocialIcon correctly","status":"passed","title":"should render SocialIcon correctly","duration":14.080375000000004,"failureMessages":[],"meta":{}}],"startTime":1779723308113,"endTime":1779723308127.0803,"status":"passed","message":"","name":"/Users/yevhen.fabizhevskyi/Source/personal/business-card/src/__tests__/components/Controls/SocialIcon.spec.tsx"},{"assertionResults":[{"ancestorTitles":["ThemeImage"],"fullName":"ThemeImage should render ThemeImage correctly when theme is dark and imgDark is testImgDark","status":"passed","title":"should render ThemeImage correctly when theme is dark and imgDark is testImgDark","duration":13.845874999999978,"failureMessages":[],"meta":{}},{"ancestorTitles":["ThemeImage"],"fullName":"ThemeImage should render ThemeImage correctly when theme is dark and imgDark is null","status":"passed","title":"should render ThemeImage correctly when theme is dark and imgDark is null","duration":1.1830420000000004,"failureMessages":[],"meta":{}},{"ancestorTitles":["ThemeImage"],"fullName":"ThemeImage should render ThemeImage correctly when theme is light and imgDark is testImgDark","status":"passed","title":"should render ThemeImage correctly when theme is light and imgDark is testImgDark","duration":0.7665829999999687,"failureMessages":[],"meta":{}},{"ancestorTitles":["ThemeImage"],"fullName":"ThemeImage should render ThemeImage correctly when theme is light and imgDark is null","status":"passed","title":"should render ThemeImage correctly when theme is light and imgDark is null","duration":0.6098749999999882,"failureMessages":[],"meta":{}}],"startTime":1779723306549,"endTime":1779723306565.6099,"status":"passed","message":"","name":"/Users/yevhen.fabizhevskyi/Source/personal/business-card/src/__tests__/components/Controls/ThemeImage.spec.tsx"},{"assertionResults":[{"ancestorTitles":["EducationMain"],"fullName":"EducationMain should render EducationMain correctly","status":"passed","title":"should render EducationMain correctly","duration":14.947416999999973,"failureMessages":[],"meta":{}}],"startTime":1779723308253,"endTime":1779723308267.9475,"status":"passed","message":"","name":"/Users/yevhen.fabizhevskyi/Source/personal/business-card/src/__tests__/components/Education/EducationMain.spec.tsx"},{"assertionResults":[{"ancestorTitles":["ExperienceMain"],"fullName":"ExperienceMain should render ExperienceMain correctly","status":"passed","title":"should render ExperienceMain correctly","duration":20.168416999999977,"failureMessages":[],"meta":{}}],"startTime":1779723306703,"endTime":1779723306723.1685,"status":"passed","message":"","name":"/Users/yevhen.fabizhevskyi/Source/personal/business-card/src/__tests__/components/Experience/ExperienceMain.spec.tsx"},{"assertionResults":[{"ancestorTitles":["FooterContacts"],"fullName":"FooterContacts should render FooterContacts correctly","status":"passed","title":"should render FooterContacts correctly","duration":16.757333000000017,"failureMessages":[],"meta":{}}],"startTime":1779723307594,"endTime":1779723307610.7573,"status":"passed","message":"","name":"/Users/yevhen.fabizhevskyi/Source/personal/business-card/src/__tests__/components/Footer/FooterContacts.spec.tsx"},{"assertionResults":[{"ancestorTitles":["FooterEmail"],"fullName":"FooterEmail should render FooterEmail correctly","status":"passed","title":"should render FooterEmail correctly","duration":15.972083999999995,"failureMessages":[],"meta":{}}],"startTime":1779723307557,"endTime":1779723307572.9722,"status":"passed","message":"","name":"/Users/yevhen.fabizhevskyi/Source/personal/business-card/src/__tests__/components/Footer/FooterEmail.spec.tsx"},{"assertionResults":[{"ancestorTitles":["FooterInfo"],"fullName":"FooterInfo should render FooterInfo correctly when theme is dark","status":"passed","title":"should render FooterInfo correctly when theme is dark","duration":19.054250000000025,"failureMessages":[],"meta":{}},{"ancestorTitles":["FooterInfo"],"fullName":"FooterInfo should render FooterInfo correctly when theme is light","status":"passed","title":"should render FooterInfo correctly when theme is light","duration":2.3626669999999876,"failureMessages":[],"meta":{}}],"startTime":1779723306713,"endTime":1779723306734.3625,"status":"passed","message":"","name":"/Users/yevhen.fabizhevskyi/Source/personal/business-card/src/__tests__/components/Footer/FooterInfo.spec.tsx"},{"assertionResults":[{"ancestorTitles":["FooterLocation"],"fullName":"FooterLocation should render FooterLocation correctly","status":"passed","title":"should render FooterLocation correctly","duration":14.710041000000047,"failureMessages":[],"meta":{}}],"startTime":1779723307707,"endTime":1779723307721.71,"status":"passed","message":"","name":"/Users/yevhen.fabizhevskyi/Source/personal/business-card/src/__tests__/components/Footer/FooterLocation.spec.tsx"},{"assertionResults":[{"ancestorTitles":["FooterMain"],"fullName":"FooterMain should render FooterMain correctly","status":"passed","title":"should render FooterMain correctly","duration":15.706124999999929,"failureMessages":[],"meta":{}}],"startTime":1779723307433,"endTime":1779723307448.706,"status":"passed","message":"","name":"/Users/yevhen.fabizhevskyi/Source/personal/business-card/src/__tests__/components/Footer/FooterMain.spec.tsx"},{"assertionResults":[{"ancestorTitles":["FooterSocial"],"fullName":"FooterSocial should render FooterSocial correctly","status":"passed","title":"should render FooterSocial correctly","duration":16.05241699999999,"failureMessages":[],"meta":{}}],"startTime":1779723307418,"endTime":1779723307434.0525,"status":"passed","message":"","name":"/Users/yevhen.fabizhevskyi/Source/personal/business-card/src/__tests__/components/Footer/FooterSocial.spec.tsx"},{"assertionResults":[{"ancestorTitles":["LanguageItem"],"fullName":"LanguageItem ['gb'] should render LanguageItem correctly","status":"passed","title":"['gb'] should render LanguageItem correctly","duration":15.055666999999971,"failureMessages":[],"meta":{}},{"ancestorTitles":["LanguageItem"],"fullName":"LanguageItem ['jp'] should render LanguageItem correctly","status":"passed","title":"['jp'] should render LanguageItem correctly","duration":1.0568329999999833,"failureMessages":[],"meta":{}},{"ancestorTitles":["LanguageItem"],"fullName":"LanguageItem ['ua'] should render LanguageItem correctly","status":"passed","title":"['ua'] should render LanguageItem correctly","duration":0.7300000000000182,"failureMessages":[],"meta":{}}],"startTime":1779723307431,"endTime":1779723307447.73,"status":"passed","message":"","name":"/Users/yevhen.fabizhevskyi/Source/personal/business-card/src/__tests__/components/Languages/LanguageItem.spec.tsx"},{"assertionResults":[{"ancestorTitles":["LanguageLinkItem"],"fullName":"LanguageLinkItem ['gb'] should render LanguageLinkItem correctly","status":"passed","title":"['gb'] should render LanguageLinkItem correctly","duration":14.426707999999962,"failureMessages":[],"meta":{}},{"ancestorTitles":["LanguageLinkItem"],"fullName":"LanguageLinkItem ['jp'] should render LanguageLinkItem correctly","status":"passed","title":"['jp'] should render LanguageLinkItem correctly","duration":1.4299579999999423,"failureMessages":[],"meta":{}},{"ancestorTitles":["LanguageLinkItem"],"fullName":"LanguageLinkItem ['ua'] should render LanguageLinkItem correctly","status":"passed","title":"['ua'] should render LanguageLinkItem correctly","duration":1.410874999999919,"failureMessages":[],"meta":{}}],"startTime":1779723307246,"endTime":1779723307263.411,"status":"passed","message":"","name":"/Users/yevhen.fabizhevskyi/Source/personal/business-card/src/__tests__/components/Languages/LanguageLinkItem.spec.tsx"},{"assertionResults":[{"ancestorTitles":["LanguageTextItem"],"fullName":"LanguageTextItem ['gb'] should render LanguageTextItem correctly","status":"passed","title":"['gb'] should render LanguageTextItem correctly","duration":13.37129200000004,"failureMessages":[],"meta":{}},{"ancestorTitles":["LanguageTextItem"],"fullName":"LanguageTextItem ['jp'] should render LanguageTextItem correctly","status":"passed","title":"['jp'] should render LanguageTextItem correctly","duration":1.2090830000000778,"failureMessages":[],"meta":{}},{"ancestorTitles":["LanguageTextItem"],"fullName":"LanguageTextItem ['ua'] should render LanguageTextItem correctly","status":"passed","title":"['ua'] should render LanguageTextItem correctly","duration":0.7563749999999345,"failureMessages":[],"meta":{}}],"startTime":1779723307424,"endTime":1779723307438.7563,"status":"passed","message":"","name":"/Users/yevhen.fabizhevskyi/Source/personal/business-card/src/__tests__/components/Languages/LanguageTextItem.spec.tsx"},{"assertionResults":[{"ancestorTitles":["LanguagesMain"],"fullName":"LanguagesMain should render LanguageMain correctly","status":"passed","title":"should render LanguageMain correctly","duration":17.352209000000016,"failureMessages":[],"meta":{}}],"startTime":1779723306711,"endTime":1779723306728.3523,"status":"passed","message":"","name":"/Users/yevhen.fabizhevskyi/Source/personal/business-card/src/__tests__/components/Languages/LanguagesMain.spec.tsx"},{"assertionResults":[{"ancestorTitles":["LocaleDropDown"],"fullName":"LocaleDropDown should render LocaleDropDown correctly","status":"passed","title":"should render LocaleDropDown correctly","duration":17.80337499999996,"failureMessages":[],"meta":{}}],"startTime":1779723306708,"endTime":1779723306725.8035,"status":"passed","message":"","name":"/Users/yevhen.fabizhevskyi/Source/personal/business-card/src/__tests__/components/Menu/LocaleDropDown.spec.tsx"},{"assertionResults":[{"ancestorTitles":["MenuItem"],"fullName":"MenuItem should render MenuItem correctly","status":"passed","title":"should render MenuItem correctly","duration":14.544540999999981,"failureMessages":[],"meta":{}},{"ancestorTitles":["MenuItem"],"fullName":"MenuItem should set active MenuItem correctly","status":"passed","title":"should set active MenuItem correctly","duration":3.478291000000013,"failureMessages":[],"meta":{}}],"startTime":1779723306700,"endTime":1779723306718.4783,"status":"passed","message":"","name":"/Users/yevhen.fabizhevskyi/Source/personal/business-card/src/__tests__/components/Menu/MenuItem.spec.tsx"},{"assertionResults":[{"ancestorTitles":["MenuMain"],"fullName":"MenuMain should render MenuMain correctly","status":"passed","title":"should render MenuMain correctly","duration":21.218165999999997,"failureMessages":[],"meta":{}}],"startTime":1779723306687,"endTime":1779723306708.2183,"status":"passed","message":"","name":"/Users/yevhen.fabizhevskyi/Source/personal/business-card/src/__tests__/components/Menu/MenuMain.spec.tsx"},{"assertionResults":[{"ancestorTitles":["ThemeDropDown"],"fullName":"ThemeDropDown should render ThemeDropDown correctly when theme is dark","status":"passed","title":"should render ThemeDropDown correctly when theme is dark","duration":18.107291000000032,"failureMessages":[],"meta":{}},{"ancestorTitles":["ThemeDropDown"],"fullName":"ThemeDropDown should render ThemeDropDown correctly when theme is light","status":"passed","title":"should render ThemeDropDown correctly when theme is light","duration":1.753458999999907,"failureMessages":[],"meta":{}}],"startTime":1779723306680,"endTime":1779723306699.7534,"status":"passed","message":"","name":"/Users/yevhen.fabizhevskyi/Source/personal/business-card/src/__tests__/components/Menu/ThemeDropDown.spec.tsx"},{"assertionResults":[{"ancestorTitles":[],"fullName":"State should be in correct order","status":"passed","title":"State should be in correct order","duration":0.7069170000000327,"failureMessages":[],"meta":{}}],"startTime":1779723308514,"endTime":1779723308514.707,"status":"passed","message":"","name":"/Users/yevhen.fabizhevskyi/Source/personal/business-card/src/__tests__/components/Stats/State.spec.ts"},{"assertionResults":[{"ancestorTitles":["StatsCommon"],"fullName":"StatsCommon should render StatsCommon correctly","status":"passed","title":"should render StatsCommon correctly","duration":15.494833000000085,"failureMessages":[],"meta":{}}],"startTime":1779723307656,"endTime":1779723307671.4949,"status":"passed","message":"","name":"/Users/yevhen.fabizhevskyi/Source/personal/business-card/src/__tests__/components/Stats/StatsCommon.spec.tsx"},{"assertionResults":[{"ancestorTitles":["StatsGitHub"],"fullName":"StatsGitHub should render StatsGitHub correctly while loading","status":"passed","title":"should render StatsGitHub correctly while loading","duration":13.591041000000018,"failureMessages":[],"meta":{}},{"ancestorTitles":["StatsGitHub"],"fullName":"StatsGitHub should render StatsGitHub correctly when loaded","status":"passed","title":"should render StatsGitHub correctly when loaded","duration":1.8419169999999667,"failureMessages":[],"meta":{}}],"startTime":1779723307598,"endTime":1779723307613.8418,"status":"passed","message":"","name":"/Users/yevhen.fabizhevskyi/Source/personal/business-card/src/__tests__/components/Stats/StatsGitHub.spec.tsx"},{"assertionResults":[{"ancestorTitles":["StatsLeetcode"],"fullName":"StatsLeetcode should render StatsLeetcode correctly while loading","status":"passed","title":"should render StatsLeetcode correctly while loading","duration":13.163291999999956,"failureMessages":[],"meta":{}},{"ancestorTitles":["StatsLeetcode"],"fullName":"StatsLeetcode should render StatsLeetcode correctly when loaded","status":"passed","title":"should render StatsLeetcode correctly when loaded","duration":1.8395000000000437,"failureMessages":[],"meta":{}}],"startTime":1779723307409,"endTime":1779723307423.8396,"status":"passed","message":"","name":"/Users/yevhen.fabizhevskyi/Source/personal/business-card/src/__tests__/components/Stats/StatsLeetcode.spec.tsx"},{"assertionResults":[{"ancestorTitles":["StatsMain"],"fullName":"StatsMain should render StatsMain correctly","status":"passed","title":"should render StatsMain correctly","duration":18.004957999999988,"failureMessages":[],"meta":{}}],"startTime":1779723306724,"endTime":1779723306742.005,"status":"passed","message":"","name":"/Users/yevhen.fabizhevskyi/Source/personal/business-card/src/__tests__/components/Stats/StatsMain.spec.tsx"},{"assertionResults":[{"ancestorTitles":["StatsStackOverflow"],"fullName":"StatsStackOverflow should render StatsStackOverflow correctly","status":"passed","title":"should render StatsStackOverflow correctly","duration":14.338166999999999,"failureMessages":[],"meta":{}}],"startTime":1779723308119,"endTime":1779723308133.3381,"status":"passed","message":"","name":"/Users/yevhen.fabizhevskyi/Source/personal/business-card/src/__tests__/components/Stats/StatsStackOverflow.spec.tsx"},{"assertionResults":[{"ancestorTitles":["StatsSuperUser"],"fullName":"StatsSuperUser should render StatsSuperUser correctly","status":"passed","title":"should render StatsSuperUser correctly","duration":14.238500000000045,"failureMessages":[],"meta":{}}],"startTime":1779723308120,"endTime":1779723308134.2385,"status":"passed","message":"","name":"/Users/yevhen.fabizhevskyi/Source/personal/business-card/src/__tests__/components/Stats/StatsSuperUser.spec.tsx"},{"assertionResults":[{"ancestorTitles":["TechnologyProviderDefault"],"fullName":"TechnologyProviderDefault should have correct name and title","status":"passed","title":"should have correct name and title","duration":3.401333999999906,"failureMessages":[],"meta":{}}],"startTime":1779723308165,"endTime":1779723308168.4014,"status":"passed","message":"","name":"/Users/yevhen.fabizhevskyi/Source/personal/business-card/src/__tests__/scripts/technologies/TechnologyProviderDefault.spec.ts"},{"assertionResults":[{"ancestorTitles":["TechnologyStorage"],"fullName":"TechnologyStorage findByName should works correctly if items are present","status":"passed","title":"findByName should works correctly if items are present","duration":0.5878750000000537,"failureMessages":[],"meta":{}},{"ancestorTitles":["TechnologyStorage"],"fullName":"TechnologyStorage findByName should works correctly if items are not present","status":"passed","title":"findByName should works correctly if items are not present","duration":0.11966600000005201,"failureMessages":[],"meta":{}},{"ancestorTitles":["TechnologyStorage"],"fullName":"TechnologyStorage findBySkill should works correctly if items are present","status":"passed","title":"findBySkill should works correctly if items are present","duration":0.1032910000000129,"failureMessages":[],"meta":{}},{"ancestorTitles":["TechnologyStorage"],"fullName":"TechnologyStorage findBySkill should works correctly if items are not present","status":"passed","title":"findBySkill should works correctly if items are not present","duration":0.0531669999999167,"failureMessages":[],"meta":{}}],"startTime":1779723308274,"endTime":1779723308275.1196,"status":"passed","message":"","name":"/Users/yevhen.fabizhevskyi/Source/personal/business-card/src/__tests__/scripts/technologies/TechnologyStorage.spec.ts"},{"assertionResults":[{"ancestorTitles":["DateUtils"],"fullName":"DateUtils ['gb'] should return humanized date","status":"passed","title":"['gb'] should return humanized date","duration":0.9948330000000851,"failureMessages":[],"meta":{}},{"ancestorTitles":["DateUtils"],"fullName":"DateUtils ['en'] should return humanized date","status":"passed","title":"['en'] should return humanized date","duration":0.078125,"failureMessages":[],"meta":{}},{"ancestorTitles":["DateUtils"],"fullName":"DateUtils ['jp'] should return humanized date","status":"passed","title":"['jp'] should return humanized date","duration":0.04579100000000835,"failureMessages":[],"meta":{}},{"ancestorTitles":["DateUtils"],"fullName":"DateUtils ['ja'] should return humanized date","status":"passed","title":"['ja'] should return humanized date","duration":0.040124999999989086,"failureMessages":[],"meta":{}},{"ancestorTitles":["DateUtils"],"fullName":"DateUtils ['ua'] should return humanized date","status":"passed","title":"['ua'] should return humanized date","duration":0.05554200000005949,"failureMessages":[],"meta":{}},{"ancestorTitles":["DateUtils"],"fullName":"DateUtils ['uk'] should return humanized date","status":"passed","title":"['uk'] should return humanized date","duration":0.0320840000000544,"failureMessages":[],"meta":{}}],"startTime":1779723308220,"endTime":1779723308221.0781,"status":"passed","message":"","name":"/Users/yevhen.fabizhevskyi/Source/personal/business-card/src/__tests__/scripts/utils/DateUtils.spec.ts"}],"coverageMap":{"/Users/yevhen.fabizhevskyi/Source/personal/business-card/src/__tests__/TestUtils.ts":{"path":"/Users/yevhen.fabizhevskyi/Source/personal/business-card/src/__tests__/TestUtils.ts","all":false,"statementMap":{"0":{"start":{"line":1,"column":0},"end":{"line":1,"column":65}},"1":{"start":{"line":2,"column":0},"end":{"line":2,"column":51}}},"s":{"0":1,"1":14},"branchMap":{"0":{"type":"branch","line":1,"loc":{"start":{"line":1,"column":28},"end":{"line":2,"column":51}},"locations":[{"start":{"line":1,"column":28},"end":{"line":2,"column":51}}]}},"b":{"0":[14]},"fnMap":{"0":{"name":"randomNumber","decl":{"start":{"line":1,"column":28},"end":{"line":2,"column":51}},"loc":{"start":{"line":1,"column":28},"end":{"line":2,"column":51}},"line":1}},"f":{"0":14}},"/Users/yevhen.fabizhevskyi/Source/personal/business-card/src/__tests__/__mocks__/react-i18next.tsx":{"path":"/Users/yevhen.fabizhevskyi/Source/personal/business-card/src/__tests__/__mocks__/react-i18next.tsx","all":false,"statementMap":{"0":{"start":{"line":1,"column":0},"end":{"line":1,"column":30}},"1":{"start":{"line":2,"column":0},"end":{"line":2,"column":47}},"2":{"start":{"line":3,"column":0},"end":{"line":3,"column":66}},"3":{"start":{"line":4,"column":0},"end":{"line":4,"column":27}},"5":{"start":{"line":6,"column":0},"end":{"line":6,"column":33}},"7":{"start":{"line":8,"column":0},"end":{"line":8,"column":18}},"8":{"start":{"line":9,"column":0},"end":{"line":9,"column":42}},"9":{"start":{"line":10,"column":0},"end":{"line":10,"column":11}},"10":{"start":{"line":11,"column":0},"end":{"line":11,"column":61}},"11":{"start":{"line":12,"column":0},"end":{"line":12,"column":27}},"12":{"start":{"line":13,"column":0},"end":{"line":13,"column":62}},"13":{"start":{"line":14,"column":0},"end":{"line":14,"column":1}},"15":{"start":{"line":16,"column":0},"end":{"line":16,"column":64}},"16":{"start":{"line":17,"column":0},"end":{"line":17,"column":25}},"17":{"start":{"line":18,"column":0},"end":{"line":18,"column":1}},"19":{"start":{"line":20,"column":0},"end":{"line":20,"column":30}},"21":{"start":{"line":22,"column":0},"end":{"line":22,"column":31}},"22":{"start":{"line":23,"column":0},"end":{"line":23,"column":11}},"23":{"start":{"line":24,"column":0},"end":{"line":24,"column":16}},"24":{"start":{"line":25,"column":0},"end":{"line":25,"column":2}},"27":{"start":{"line":28,"column":0},"end":{"line":28,"column":49}}},"s":{"0":1,"1":1,"2":1,"3":1,"5":1,"7":1,"8":1,"9":1,"10":1,"11":0,"12":0,"13":1,"15":1,"16":2,"17":2,"19":1,"21":1,"22":26,"23":26,"24":26,"27":1},"branchMap":{"0":{"type":"branch","line":6,"loc":{"start":{"line":6,"column":20},"end":{"line":6,"column":33}},"locations":[{"start":{"line":6,"column":20},"end":{"line":6,"column":33}}]},"1":{"type":"branch","line":16,"loc":{"start":{"line":16,"column":14},"end":{"line":18,"column":1}},"locations":[{"start":{"line":16,"column":14},"end":{"line":18,"column":1}}]},"2":{"type":"branch","line":20,"loc":{"start":{"line":20,"column":16},"end":{"line":20,"column":30}},"locations":[{"start":{"line":20,"column":16},"end":{"line":20,"column":30}}]},"3":{"type":"branch","line":22,"loc":{"start":{"line":22,"column":23},"end":{"line":25,"column":2}},"locations":[{"start":{"line":22,"column":23},"end":{"line":25,"column":2}}]}},"b":{"0":[42],"1":[2],"2":[1],"3":[26]},"fnMap":{"0":{"name":"exists","decl":{"start":{"line":11,"column":10},"end":{"line":13,"column":62}},"loc":{"start":{"line":11,"column":10},"end":{"line":13,"column":62}},"line":11},"1":{"name":"Trans","decl":{"start":{"line":16,"column":14},"end":{"line":18,"column":1}},"loc":{"start":{"line":16,"column":14},"end":{"line":18,"column":1}},"line":16},"2":{"name":"getI18n","decl":{"start":{"line":20,"column":16},"end":{"line":20,"column":30}},"loc":{"start":{"line":20,"column":16},"end":{"line":20,"column":30}},"line":20},"3":{"name":"useTranslation","decl":{"start":{"line":22,"column":23},"end":{"line":25,"column":2}},"loc":{"start":{"line":22,"column":23},"end":{"line":25,"column":2}},"line":22}},"f":{"0":0,"1":2,"2":1,"3":26}},"/Users/yevhen.fabizhevskyi/Source/personal/business-card/src/__tests__/components/Stats/TestUtils.ts":{"path":"/Users/yevhen.fabizhevskyi/Source/personal/business-card/src/__tests__/components/Stats/TestUtils.ts","all":false,"statementMap":{"0":{"start":{"line":1,"column":0},"end":{"line":1,"column":79}},"2":{"start":{"line":3,"column":0},"end":{"line":3,"column":32}},"3":{"start":{"line":4,"column":0},"end":{"line":4,"column":81}},"4":{"start":{"line":5,"column":0},"end":{"line":5,"column":70}},"5":{"start":{"line":6,"column":0},"end":{"line":6,"column":40}},"6":{"start":{"line":7,"column":0},"end":{"line":7,"column":9}},"7":{"start":{"line":8,"column":0},"end":{"line":8,"column":116}},"8":{"start":{"line":9,"column":0},"end":{"line":9,"column":139}},"9":{"start":{"line":10,"column":0},"end":{"line":10,"column":1}}},"s":{"0":1,"2":1,"3":1,"4":1,"5":1,"6":1,"7":1,"8":1,"9":1},"branchMap":{"0":{"type":"branch","line":3,"loc":{"start":{"line":3,"column":7},"end":{"line":10,"column":1}},"locations":[{"start":{"line":3,"column":7},"end":{"line":10,"column":1}}]},"1":{"type":"branch","line":9,"loc":{"start":{"line":9,"column":82},"end":{"line":9,"column":113}},"locations":[{"start":{"line":9,"column":82},"end":{"line":9,"column":113}}]}},"b":{"0":[1],"1":[0]},"fnMap":{"0":{"name":"testStatsCommon","decl":{"start":{"line":3,"column":7},"end":{"line":10,"column":1}},"loc":{"start":{"line":3,"column":7},"end":{"line":10,"column":1}},"line":3}},"f":{"0":1}},"/Users/yevhen.fabizhevskyi/Source/personal/business-card/src/__tests__/fixtures/locales.ts":{"path":"/Users/yevhen.fabizhevskyi/Source/personal/business-card/src/__tests__/fixtures/locales.ts","all":false,"statementMap":{"0":{"start":{"line":1,"column":0},"end":{"line":1,"column":49}},"2":{"start":{"line":3,"column":0},"end":{"line":3,"column":33}},"3":{"start":{"line":4,"column":0},"end":{"line":4,"column":19}},"4":{"start":{"line":5,"column":0},"end":{"line":5,"column":19}},"5":{"start":{"line":6,"column":0},"end":{"line":6,"column":18}}},"s":{"0":1,"2":1,"3":1,"4":1,"5":1},"branchMap":{},"b":{},"fnMap":{},"f":{}},"/Users/yevhen.fabizhevskyi/Source/personal/business-card/src/components/About/AboutMain.tsx":{"path":"/Users/yevhen.fabizhevskyi/Source/personal/business-card/src/components/About/AboutMain.tsx","all":false,"statementMap":{"0":{"start":{"line":1,"column":0},"end":{"line":1,"column":41}},"1":{"start":{"line":2,"column":0},"end":{"line":2,"column":30}},"2":{"start":{"line":3,"column":0},"end":{"line":3,"column":46}},"3":{"start":{"line":4,"column":0},"end":{"line":4,"column":63}},"4":{"start":{"line":5,"column":0},"end":{"line":5,"column":59}},"5":{"start":{"line":6,"column":0},"end":{"line":6,"column":41}},"6":{"start":{"line":7,"column":0},"end":{"line":7,"column":42}},"13":{"start":{"line":14,"column":0},"end":{"line":14,"column":116}},"14":{"start":{"line":15,"column":0},"end":{"line":15,"column":14}},"15":{"start":{"line":16,"column":0},"end":{"line":16,"column":52}},"16":{"start":{"line":17,"column":0},"end":{"line":17,"column":8}},"17":{"start":{"line":18,"column":0},"end":{"line":18,"column":70}},"18":{"start":{"line":19,"column":0},"end":{"line":19,"column":52}},"19":{"start":{"line":20,"column":0},"end":{"line":20,"column":17}},"20":{"start":{"line":21,"column":0},"end":{"line":21,"column":69}},"25":{"start":{"line":26,"column":0},"end":{"line":26,"column":1}},"27":{"start":{"line":28,"column":0},"end":{"line":28,"column":37}},"28":{"start":{"line":29,"column":0},"end":{"line":29,"column":38}},"29":{"start":{"line":30,"column":0},"end":{"line":30,"column":47}},"31":{"start":{"line":32,"column":0},"end":{"line":32,"column":35}},"32":{"start":{"line":33,"column":0},"end":{"line":33,"column":24}},"33":{"start":{"line":34,"column":0},"end":{"line":34,"column":60}},"34":{"start":{"line":35,"column":0},"end":{"line":35,"column":4}},"36":{"start":{"line":37,"column":0},"end":{"line":37,"column":10}},"37":{"start":{"line":38,"column":0},"end":{"line":38,"column":27}},"38":{"start":{"line":39,"column":0},"end":{"line":39,"column":53}},"39":{"start":{"line":40,"column":0},"end":{"line":40,"column":70}},"40":{"start":{"line":41,"column":0},"end":{"line":41,"column":14}},"41":{"start":{"line":42,"column":0},"end":{"line":42,"column":74}},"42":{"start":{"line":43,"column":0},"end":{"line":43,"column":31}},"43":{"start":{"line":44,"column":0},"end":{"line":44,"column":26}},"44":{"start":{"line":45,"column":0},"end":{"line":45,"column":26}},"47":{"start":{"line":48,"column":0},"end":{"line":48,"column":41}},"48":{"start":{"line":49,"column":0},"end":{"line":49,"column":45}},"53":{"start":{"line":54,"column":0},"end":{"line":54,"column":1}}},"s":{"0":1,"1":1,"2":1,"3":1,"4":1,"5":1,"6":1,"13":1,"14":4,"15":4,"16":4,"17":4,"18":4,"19":4,"20":4,"25":4,"27":1,"28":1,"29":1,"31":1,"32":1,"33":1,"34":1,"36":1,"37":1,"38":1,"39":1,"40":1,"41":1,"42":1,"43":1,"44":1,"47":1,"48":1,"53":1},"branchMap":{"0":{"type":"branch","line":14,"loc":{"start":{"line":14,"column":7},"end":{"line":26,"column":1}},"locations":[{"start":{"line":14,"column":7},"end":{"line":26,"column":1}}]},"1":{"type":"branch","line":16,"loc":{"start":{"line":16,"column":29},"end":{"line":16,"column":52}},"locations":[{"start":{"line":16,"column":29},"end":{"line":16,"column":52}}]},"2":{"type":"branch","line":21,"loc":{"start":{"line":21,"column":25},"end":{"line":21,"column":63}},"locations":[{"start":{"line":21,"column":25},"end":{"line":21,"column":63}}]},"3":{"type":"branch","line":21,"loc":{"start":{"line":21,"column":58},"end":{"line":21,"column":69}},"locations":[{"start":{"line":21,"column":58},"end":{"line":21,"column":69}}]},"4":{"type":"branch","line":28,"loc":{"start":{"line":28,"column":15},"end":{"line":54,"column":1}},"locations":[{"start":{"line":28,"column":15},"end":{"line":54,"column":1}}]}},"b":{"0":[4],"1":[2],"2":[1],"3":[2],"4":[1]},"fnMap":{"0":{"name":"renderList","decl":{"start":{"line":14,"column":7},"end":{"line":26,"column":1}},"loc":{"start":{"line":14,"column":7},"end":{"line":26,"column":1}},"line":14},"1":{"name":"AboutMain","decl":{"start":{"line":28,"column":15},"end":{"line":54,"column":1}},"loc":{"start":{"line":28,"column":15},"end":{"line":54,"column":1}},"line":28}},"f":{"0":4,"1":1}},"/Users/yevhen.fabizhevskyi/Source/personal/business-card/src/components/About/__mocks__/AboutMain.tsx":{"path":"/Users/yevhen.fabizhevskyi/Source/personal/business-card/src/components/About/__mocks__/AboutMain.tsx","all":false,"statementMap":{"0":{"start":{"line":1,"column":0},"end":{"line":1,"column":30}},"2":{"start":{"line":3,"column":0},"end":{"line":3,"column":37}},"3":{"start":{"line":4,"column":0},"end":{"line":4,"column":10}},"4":{"start":{"line":5,"column":0},"end":{"line":5,"column":39}},"6":{"start":{"line":7,"column":0},"end":{"line":7,"column":1}}},"s":{"0":1,"2":1,"3":1,"4":1,"6":1},"branchMap":{"0":{"type":"branch","line":3,"loc":{"start":{"line":3,"column":15},"end":{"line":7,"column":1}},"locations":[{"start":{"line":3,"column":15},"end":{"line":7,"column":1}}]}},"b":{"0":[1]},"fnMap":{"0":{"name":"AboutMain","decl":{"start":{"line":3,"column":15},"end":{"line":7,"column":1}},"loc":{"start":{"line":3,"column":15},"end":{"line":7,"column":1}},"line":3}},"f":{"0":1}},"/Users/yevhen.fabizhevskyi/Source/personal/business-card/src/components/App.tsx":{"path":"/Users/yevhen.fabizhevskyi/Source/personal/business-card/src/components/App.tsx","all":false,"statementMap":{"0":{"start":{"line":1,"column":0},"end":{"line":1,"column":72}},"1":{"start":{"line":2,"column":0},"end":{"line":2,"column":30}},"2":{"start":{"line":3,"column":0},"end":{"line":3,"column":22}},"7":{"start":{"line":8,"column":0},"end":{"line":8,"column":41}},"8":{"start":{"line":9,"column":0},"end":{"line":9,"column":47}},"9":{"start":{"line":10,"column":0},"end":{"line":10,"column":29}},"10":{"start":{"line":11,"column":0},"end":{"line":11,"column":62}},"11":{"start":{"line":12,"column":0},"end":{"line":12,"column":53}},"12":{"start":{"line":13,"column":0},"end":{"line":13,"column":56}},"13":{"start":{"line":14,"column":0},"end":{"line":14,"column":44}},"14":{"start":{"line":15,"column":0},"end":{"line":15,"column":29}},"15":{"start":{"line":16,"column":0},"end":{"line":16,"column":53}},"16":{"start":{"line":17,"column":0},"end":{"line":17,"column":38}},"17":{"start":{"line":18,"column":0},"end":{"line":18,"column":29}},"18":{"start":{"line":19,"column":0},"end":{"line":19,"column":29}},"19":{"start":{"line":20,"column":0},"end":{"line":20,"column":41}},"21":{"start":{"line":22,"column":0},"end":{"line":22,"column":31}},"22":{"start":{"line":23,"column":0},"end":{"line":23,"column":55}},"24":{"start":{"line":25,"column":0},"end":{"line":25,"column":38}},"25":{"start":{"line":26,"column":0},"end":{"line":26,"column":15}},"26":{"start":{"line":27,"column":0},"end":{"line":27,"column":24}},"27":{"start":{"line":28,"column":0},"end":{"line":28,"column":32}},"28":{"start":{"line":29,"column":0},"end":{"line":29,"column":3}},"30":{"start":{"line":31,"column":0},"end":{"line":31,"column":10}},"31":{"start":{"line":32,"column":0},"end":{"line":32,"column":52}},"32":{"start":{"line":33,"column":0},"end":{"line":33,"column":70}},"33":{"start":{"line":34,"column":0},"end":{"line":34,"column":38}},"34":{"start":{"line":35,"column":0},"end":{"line":35,"column":29}},"35":{"start":{"line":36,"column":0},"end":{"line":36,"column":20}},"36":{"start":{"line":37,"column":0},"end":{"line":37,"column":22}},"37":{"start":{"line":38,"column":0},"end":{"line":38,"column":23}},"38":{"start":{"line":39,"column":0},"end":{"line":39,"column":23}},"39":{"start":{"line":40,"column":0},"end":{"line":40,"column":20}},"40":{"start":{"line":41,"column":0},"end":{"line":41,"column":20}},"41":{"start":{"line":42,"column":0},"end":{"line":42,"column":28}},"42":{"start":{"line":43,"column":0},"end":{"line":43,"column":27}},"43":{"start":{"line":44,"column":0},"end":{"line":44,"column":30}},"44":{"start":{"line":45,"column":0},"end":{"line":45,"column":27}},"45":{"start":{"line":46,"column":0},"end":{"line":46,"column":20}},"46":{"start":{"line":47,"column":0},"end":{"line":47,"column":24}},"51":{"start":{"line":52,"column":0},"end":{"line":52,"column":1}}},"s":{"0":1,"1":1,"2":1,"7":1,"8":1,"9":1,"10":1,"11":1,"12":1,"13":1,"14":1,"15":1,"16":1,"17":1,"18":1,"19":1,"21":1,"22":1,"24":1,"25":0,"26":0,"27":0,"28":0,"30":1,"31":1,"32":1,"33":1,"34":1,"35":1,"36":1,"37":1,"38":1,"39":1,"40":1,"41":1,"42":1,"43":1,"44":1,"45":1,"46":1,"51":1},"branchMap":{"0":{"type":"branch","line":22,"loc":{"start":{"line":22,"column":15},"end":{"line":52,"column":1}},"locations":[{"start":{"line":22,"column":15},"end":{"line":52,"column":1}}]}},"b":{"0":[1]},"fnMap":{"0":{"name":"App","decl":{"start":{"line":22,"column":15},"end":{"line":52,"column":1}},"loc":{"start":{"line":22,"column":15},"end":{"line":52,"column":1}},"line":22},"1":{"name":"switchTheme","decl":{"start":{"line":25,"column":22},"end":{"line":29,"column":3}},"loc":{"start":{"line":25,"column":22},"end":{"line":29,"column":3}},"line":25}},"f":{"0":1,"1":0}},"/Users/yevhen.fabizhevskyi/Source/personal/business-card/src/components/App404.tsx":{"path":"/Users/yevhen.fabizhevskyi/Source/personal/business-card/src/components/App404.tsx","all":false,"statementMap":{"0":{"start":{"line":1,"column":0},"end":{"line":1,"column":19}},"1":{"start":{"line":2,"column":0},"end":{"line":2,"column":30}},"2":{"start":{"line":3,"column":0},"end":{"line":3,"column":53}},"3":{"start":{"line":4,"column":0},"end":{"line":4,"column":52}},"4":{"start":{"line":5,"column":0},"end":{"line":5,"column":46}},"10":{"start":{"line":11,"column":0},"end":{"line":11,"column":87}},"11":{"start":{"line":12,"column":0},"end":{"line":12,"column":27}},"12":{"start":{"line":13,"column":0},"end":{"line":13,"column":22}},"14":{"start":{"line":15,"column":0},"end":{"line":15,"column":74}},"15":{"start":{"line":16,"column":0},"end":{"line":16,"column":68}},"17":{"start":{"line":18,"column":0},"end":{"line":18,"column":57}},"18":{"start":{"line":19,"column":0},"end":{"line":19,"column":22}},"19":{"start":{"line":20,"column":0},"end":{"line":20,"column":26}},"20":{"start":{"line":21,"column":0},"end":{"line":21,"column":31}},"21":{"start":{"line":22,"column":0},"end":{"line":22,"column":30}},"22":{"start":{"line":23,"column":0},"end":{"line":23,"column":28}},"23":{"start":{"line":24,"column":0},"end":{"line":24,"column":44}},"24":{"start":{"line":25,"column":0},"end":{"line":25,"column":14}},"25":{"start":{"line":26,"column":0},"end":{"line":26,"column":22}},"26":{"start":{"line":27,"column":0},"end":{"line":27,"column":32}},"27":{"start":{"line":28,"column":0},"end":{"line":28,"column":7}},"28":{"start":{"line":29,"column":0},"end":{"line":29,"column":12}},"29":{"start":{"line":30,"column":0},"end":{"line":30,"column":4}},"31":{"start":{"line":32,"column":0},"end":{"line":32,"column":38}},"33":{"start":{"line":34,"column":0},"end":{"line":34,"column":10}},"34":{"start":{"line":35,"column":0},"end":{"line":35,"column":96}},"35":{"start":{"line":36,"column":0},"end":{"line":36,"column":11}},"36":{"start":{"line":37,"column":0},"end":{"line":37,"column":36}},"37":{"start":{"line":38,"column":0},"end":{"line":38,"column":13}},"38":{"start":{"line":39,"column":0},"end":{"line":39,"column":50}},"39":{"start":{"line":40,"column":0},"end":{"line":40,"column":34}},"40":{"start":{"line":41,"column":0},"end":{"line":41,"column":80}},"41":{"start":{"line":42,"column":0},"end":{"line":42,"column":78}},"43":{"start":{"line":44,"column":0},"end":{"line":44,"column":46}},"44":{"start":{"line":45,"column":0},"end":{"line":45,"column":27}},"45":{"start":{"line":46,"column":0},"end":{"line":46,"column":32}},"46":{"start":{"line":47,"column":0},"end":{"line":47,"column":44}},"51":{"start":{"line":52,"column":0},"end":{"line":52,"column":1}}},"s":{"0":1,"1":1,"2":1,"3":1,"4":1,"10":1,"11":4,"12":4,"14":4,"15":4,"17":4,"18":0,"19":0,"20":0,"21":0,"22":0,"23":0,"24":0,"25":0,"26":0,"27":0,"28":0,"29":0,"31":4,"33":4,"34":4,"35":4,"36":4,"37":4,"38":4,"39":4,"40":4,"41":4,"43":4,"44":4,"45":4,"46":4,"51":4},"branchMap":{"0":{"type":"branch","line":11,"loc":{"start":{"line":11,"column":15},"end":{"line":52,"column":1}},"locations":[{"start":{"line":11,"column":15},"end":{"line":52,"column":1}}]},"1":{"type":"branch","line":35,"loc":{"start":{"line":35,"column":72},"end":{"line":35,"column":84}},"locations":[{"start":{"line":35,"column":72},"end":{"line":35,"column":84}}]},"2":{"type":"branch","line":35,"loc":{"start":{"line":35,"column":79},"end":{"line":35,"column":91}},"locations":[{"start":{"line":35,"column":79},"end":{"line":35,"column":91}}]}},"b":{"0":[4],"1":[1],"2":[3]},"fnMap":{"0":{"name":"App404","decl":{"start":{"line":11,"column":15},"end":{"line":52,"column":1}},"loc":{"start":{"line":11,"column":15},"end":{"line":52,"column":1}},"line":11}},"f":{"0":4}},"/Users/yevhen.fabizhevskyi/Source/personal/business-card/src/components/BackToTopButton.tsx":{"path":"/Users/yevhen.fabizhevskyi/Source/personal/business-card/src/components/BackToTopButton.tsx","all":false,"statementMap":{"0":{"start":{"line":1,"column":0},"end":{"line":1,"column":30}},"2":{"start":{"line":3,"column":0},"end":{"line":3,"column":43}},"3":{"start":{"line":4,"column":0},"end":{"line":4,"column":66}},"5":{"start":{"line":6,"column":0},"end":{"line":6,"column":26}},"6":{"start":{"line":7,"column":0},"end":{"line":7,"column":13}},"7":{"start":{"line":8,"column":0},"end":{"line":8,"column":45}},"8":{"start":{"line":9,"column":0},"end":{"line":9,"column":21}},"11":{"start":{"line":12,"column":0},"end":{"line":12,"column":30}},"12":{"start":{"line":13,"column":0},"end":{"line":13,"column":22}},"13":{"start":{"line":14,"column":0},"end":{"line":14,"column":21}},"14":{"start":{"line":15,"column":0},"end":{"line":15,"column":13}},"15":{"start":{"line":16,"column":0},"end":{"line":16,"column":14}},"16":{"start":{"line":17,"column":0},"end":{"line":17,"column":24}},"17":{"start":{"line":18,"column":0},"end":{"line":18,"column":6}},"18":{"start":{"line":19,"column":0},"end":{"line":19,"column":3}},"20":{"start":{"line":21,"column":0},"end":{"line":21,"column":10}},"21":{"start":{"line":22,"column":0},"end":{"line":22,"column":88}},"23":{"start":{"line":24,"column":0},"end":{"line":24,"column":1}}},"s":{"0":1,"2":1,"3":2,"5":2,"6":2,"7":2,"8":2,"11":2,"12":1,"13":1,"14":1,"15":1,"16":1,"17":1,"18":1,"20":2,"21":2,"23":2},"branchMap":{"0":{"type":"branch","line":3,"loc":{"start":{"line":3,"column":15},"end":{"line":24,"column":1}},"locations":[{"start":{"line":3,"column":15},"end":{"line":24,"column":1}}]},"1":{"type":"branch","line":22,"loc":{"start":{"line":22,"column":41},"end":{"line":22,"column":63}},"locations":[{"start":{"line":22,"column":41},"end":{"line":22,"column":63}}]},"2":{"type":"branch","line":12,"loc":{"start":{"line":12,"column":22},"end":{"line":19,"column":3}},"locations":[{"start":{"line":12,"column":22},"end":{"line":19,"column":3}}]}},"b":{"0":[2],"1":[0],"2":[1]},"fnMap":{"0":{"name":"BackToTopButton","decl":{"start":{"line":3,"column":15},"end":{"line":24,"column":1}},"loc":{"start":{"line":3,"column":15},"end":{"line":24,"column":1}},"line":3},"1":{"name":"BackToTopButton.window.addEventListener.passive","decl":{"start":{"line":8,"column":4},"end":{"line":8,"column":45}},"loc":{"start":{"line":8,"column":4},"end":{"line":8,"column":45}},"line":8},"2":{"name":"handleClick","decl":{"start":{"line":12,"column":22},"end":{"line":19,"column":3}},"loc":{"start":{"line":12,"column":22},"end":{"line":19,"column":3}},"line":12}},"f":{"0":2,"1":0,"2":1}},"/Users/yevhen.fabizhevskyi/Source/personal/business-card/src/components/Badges.tsx":{"path":"/Users/yevhen.fabizhevskyi/Source/personal/business-card/src/components/Badges.tsx","all":false,"statementMap":{"0":{"start":{"line":1,"column":0},"end":{"line":1,"column":30}},"1":{"start":{"line":2,"column":0},"end":{"line":2,"column":88}},"2":{"start":{"line":3,"column":0},"end":{"line":3,"column":75}},"3":{"start":{"line":4,"column":0},"end":{"line":4,"column":40}},"4":{"start":{"line":5,"column":0},"end":{"line":5,"column":42}},"6":{"start":{"line":7,"column":0},"end":{"line":7,"column":34}},"7":{"start":{"line":8,"column":0},"end":{"line":8,"column":10}},"8":{"start":{"line":9,"column":0},"end":{"line":9,"column":25}},"9":{"start":{"line":10,"column":0},"end":{"line":10,"column":11}},"10":{"start":{"line":11,"column":0},"end":{"line":11,"column":46}},"11":{"start":{"line":12,"column":0},"end":{"line":12,"column":12}},"12":{"start":{"line":13,"column":0},"end":{"line":13,"column":46}},"13":{"start":{"line":14,"column":0},"end":{"line":14,"column":37}},"14":{"start":{"line":15,"column":0},"end":{"line":15,"column":28}},"15":{"start":{"line":16,"column":0},"end":{"line":16,"column":16}},"16":{"start":{"line":17,"column":0},"end":{"line":17,"column":35}},"17":{"start":{"line":18,"column":0},"end":{"line":18,"column":37}},"18":{"start":{"line":19,"column":0},"end":{"line":19,"column":35}},"19":{"start":{"line":20,"column":0},"end":{"line":20,"column":40}},"20":{"start":{"line":21,"column":0},"end":{"line":21,"column":28}},"24":{"start":{"line":25,"column":0},"end":{"line":25,"column":46}},"25":{"start":{"line":26,"column":0},"end":{"line":26,"column":12}},"26":{"start":{"line":27,"column":0},"end":{"line":27,"column":63}},"27":{"start":{"line":28,"column":0},"end":{"line":28,"column":37}},"28":{"start":{"line":29,"column":0},"end":{"line":29,"column":28}},"29":{"start":{"line":30,"column":0},"end":{"line":30,"column":16}},"30":{"start":{"line":31,"column":0},"end":{"line":31,"column":50}},"31":{"start":{"line":32,"column":0},"end":{"line":32,"column":40}},"32":{"start":{"line":33,"column":0},"end":{"line":33,"column":46}},"33":{"start":{"line":34,"column":0},"end":{"line":34,"column":46}},"34":{"start":{"line":35,"column":0},"end":{"line":35,"column":28}},"50":{"start":{"line":51,"column":0},"end":{"line":51,"column":1}}},"s":{"0":1,"1":1,"2":1,"3":1,"4":1,"6":1,"7":1,"8":1,"9":1,"10":1,"11":1,"12":1,"13":1,"14":1,"15":1,"16":1,"17":1,"18":1,"19":1,"20":1,"24":1,"25":1,"26":1,"27":1,"28":1,"29":1,"30":1,"31":1,"32":1,"33":1,"34":1,"50":1},"branchMap":{"0":{"type":"branch","line":7,"loc":{"start":{"line":7,"column":15},"end":{"line":51,"column":1}},"locations":[{"start":{"line":7,"column":15},"end":{"line":51,"column":1}}]}},"b":{"0":[1]},"fnMap":{"0":{"name":"Badges","decl":{"start":{"line":7,"column":15},"end":{"line":51,"column":1}},"loc":{"start":{"line":7,"column":15},"end":{"line":51,"column":1}},"line":7}},"f":{"0":1}},"/Users/yevhen.fabizhevskyi/Source/personal/business-card/src/components/Certificates/CertificateItem.tsx":{"path":"/Users/yevhen.fabizhevskyi/Source/personal/business-card/src/components/Certificates/CertificateItem.tsx","all":false,"statementMap":{"0":{"start":{"line":1,"column":0},"end":{"line":1,"column":30}},"1":{"start":{"line":2,"column":0},"end":{"line":2,"column":38}},"2":{"start":{"line":3,"column":0},"end":{"line":3,"column":46}},"4":{"start":{"line":5,"column":0},"end":{"line":5,"column":60}},"10":{"start":{"line":11,"column":0},"end":{"line":11,"column":80}},"11":{"start":{"line":12,"column":0},"end":{"line":12,"column":32}},"12":{"start":{"line":13,"column":0},"end":{"line":13,"column":52}},"14":{"start":{"line":15,"column":0},"end":{"line":15,"column":10}},"15":{"start":{"line":16,"column":0},"end":{"line":16,"column":10}},"16":{"start":{"line":17,"column":0},"end":{"line":17,"column":48}},"17":{"start":{"line":18,"column":0},"end":{"line":18,"column":53}},"18":{"start":{"line":19,"column":0},"end":{"line":19,"column":74}},"19":{"start":{"line":20,"column":0},"end":{"line":20,"column":34}},"22":{"start":{"line":23,"column":0},"end":{"line":23,"column":57}},"23":{"start":{"line":24,"column":0},"end":{"line":24,"column":40}},"25":{"start":{"line":26,"column":0},"end":{"line":26,"column":58}},"26":{"start":{"line":27,"column":0},"end":{"line":27,"column":38}},"29":{"start":{"line":30,"column":0},"end":{"line":30,"column":19}},"30":{"start":{"line":31,"column":0},"end":{"line":31,"column":59}},"34":{"start":{"line":35,"column":0},"end":{"line":35,"column":1}}},"s":{"0":1,"1":1,"2":1,"4":1,"10":1,"11":1,"12":1,"14":1,"15":1,"16":1,"17":1,"18":1,"19":1,"22":1,"23":1,"25":1,"26":1,"29":1,"30":1,"34":1},"branchMap":{"0":{"type":"branch","line":11,"loc":{"start":{"line":11,"column":15},"end":{"line":35,"column":1}},"locations":[{"start":{"line":11,"column":15},"end":{"line":35,"column":1}}]}},"b":{"0":[1]},"fnMap":{"0":{"name":"CertificateItem","decl":{"start":{"line":11,"column":15},"end":{"line":35,"column":1}},"loc":{"start":{"line":11,"column":15},"end":{"line":35,"column":1}},"line":11}},"f":{"0":1}},"/Users/yevhen.fabizhevskyi/Source/personal/business-card/src/components/Certificates/CertificatesMain.tsx":{"path":"/Users/yevhen.fabizhevskyi/Source/personal/business-card/src/components/Certificates/CertificatesMain.tsx","all":false,"statementMap":{"0":{"start":{"line":1,"column":0},"end":{"line":1,"column":30}},"1":{"start":{"line":2,"column":0},"end":{"line":2,"column":26}},"4":{"start":{"line":5,"column":0},"end":{"line":5,"column":41}},"5":{"start":{"line":6,"column":0},"end":{"line":6,"column":47}},"6":{"start":{"line":7,"column":0},"end":{"line":7,"column":42}},"8":{"start":{"line":9,"column":0},"end":{"line":9,"column":44}},"9":{"start":{"line":10,"column":0},"end":{"line":10,"column":10}},"10":{"start":{"line":11,"column":0},"end":{"line":11,"column":31}},"11":{"start":{"line":12,"column":0},"end":{"line":12,"column":39}},"13":{"start":{"line":14,"column":0},"end":{"line":14,"column":66}},"14":{"start":{"line":15,"column":0},"end":{"line":15,"column":48}},"15":{"start":{"line":16,"column":0},"end":{"line":16,"column":49}},"22":{"start":{"line":23,"column":0},"end":{"line":23,"column":1}}},"s":{"0":1,"1":1,"4":1,"5":1,"6":1,"8":1,"9":1,"10":1,"11":1,"13":1,"14":1,"15":1,"22":1},"branchMap":{"0":{"type":"branch","line":9,"loc":{"start":{"line":9,"column":15},"end":{"line":23,"column":1}},"locations":[{"start":{"line":9,"column":15},"end":{"line":23,"column":1}}]}},"b":{"0":[1]},"fnMap":{"0":{"name":"CertificatesMain","decl":{"start":{"line":9,"column":15},"end":{"line":23,"column":1}},"loc":{"start":{"line":9,"column":15},"end":{"line":23,"column":1}},"line":9}},"f":{"0":1}},"/Users/yevhen.fabizhevskyi/Source/personal/business-card/src/components/Certificates/__mocks__/CertificateItem.tsx":{"path":"/Users/yevhen.fabizhevskyi/Source/personal/business-card/src/components/Certificates/__mocks__/CertificateItem.tsx","all":false,"statementMap":{"0":{"start":{"line":1,"column":0},"end":{"line":1,"column":30}},"3":{"start":{"line":4,"column":0},"end":{"line":4,"column":80}},"4":{"start":{"line":5,"column":0},"end":{"line":5,"column":10}},"5":{"start":{"line":6,"column":0},"end":{"line":6,"column":65}},"7":{"start":{"line":8,"column":0},"end":{"line":8,"column":1}}},"s":{"0":1,"3":1,"4":12,"5":12,"7":12},"branchMap":{"0":{"type":"branch","line":4,"loc":{"start":{"line":4,"column":15},"end":{"line":8,"column":1}},"locations":[{"start":{"line":4,"column":15},"end":{"line":8,"column":1}}]}},"b":{"0":[12]},"fnMap":{"0":{"name":"CertificateItem","decl":{"start":{"line":4,"column":15},"end":{"line":8,"column":1}},"loc":{"start":{"line":4,"column":15},"end":{"line":8,"column":1}},"line":4}},"f":{"0":12}},"/Users/yevhen.fabizhevskyi/Source/personal/business-card/src/components/Certificates/__mocks__/CertificatesMain.tsx":{"path":"/Users/yevhen.fabizhevskyi/Source/personal/business-card/src/components/Certificates/__mocks__/CertificatesMain.tsx","all":false,"statementMap":{"0":{"start":{"line":1,"column":0},"end":{"line":1,"column":30}},"2":{"start":{"line":3,"column":0},"end":{"line":3,"column":44}},"3":{"start":{"line":4,"column":0},"end":{"line":4,"column":10}},"4":{"start":{"line":5,"column":0},"end":{"line":5,"column":46}},"6":{"start":{"line":7,"column":0},"end":{"line":7,"column":1}}},"s":{"0":1,"2":1,"3":1,"4":1,"6":1},"branchMap":{"0":{"type":"branch","line":3,"loc":{"start":{"line":3,"column":15},"end":{"line":7,"column":1}},"locations":[{"start":{"line":3,"column":15},"end":{"line":7,"column":1}}]}},"b":{"0":[1]},"fnMap":{"0":{"name":"CertificatesMain","decl":{"start":{"line":3,"column":15},"end":{"line":7,"column":1}},"loc":{"start":{"line":3,"column":15},"end":{"line":7,"column":1}},"line":3}},"f":{"0":1}},"/Users/yevhen.fabizhevskyi/Source/personal/business-card/src/components/Contexts/ThemeContext.ts":{"path":"/Users/yevhen.fabizhevskyi/Source/personal/business-card/src/components/Contexts/ThemeContext.ts","all":false,"statementMap":{"0":{"start":{"line":1,"column":0},"end":{"line":1,"column":63}},"7":{"start":{"line":8,"column":0},"end":{"line":8,"column":49}},"9":{"start":{"line":10,"column":0},"end":{"line":10,"column":46}},"10":{"start":{"line":11,"column":0},"end":{"line":11,"column":62}},"11":{"start":{"line":12,"column":0},"end":{"line":12,"column":1}},"13":{"start":{"line":14,"column":0},"end":{"line":14,"column":54}},"14":{"start":{"line":15,"column":0},"end":{"line":15,"column":41}},"15":{"start":{"line":16,"column":0},"end":{"line":16,"column":1}},"17":{"start":{"line":18,"column":0},"end":{"line":18,"column":37}},"18":{"start":{"line":19,"column":0},"end":{"line":19,"column":50}},"19":{"start":{"line":20,"column":0},"end":{"line":20,"column":22}},"20":{"start":{"line":21,"column":0},"end":{"line":21,"column":28}},"21":{"start":{"line":22,"column":0},"end":{"line":22,"column":36}},"22":{"start":{"line":23,"column":0},"end":{"line":23,"column":50}},"24":{"start":{"line":25,"column":0},"end":{"line":25,"column":3}},"26":{"start":{"line":27,"column":0},"end":{"line":27,"column":42}},"27":{"start":{"line":28,"column":0},"end":{"line":28,"column":69}},"28":{"start":{"line":29,"column":0},"end":{"line":29,"column":3}},"30":{"start":{"line":31,"column":0},"end":{"line":31,"column":42}},"31":{"start":{"line":32,"column":0},"end":{"line":32,"column":69}},"32":{"start":{"line":33,"column":0},"end":{"line":33,"column":49}},"33":{"start":{"line":34,"column":0},"end":{"line":34,"column":3}},"35":{"start":{"line":36,"column":0},"end":{"line":36,"column":43}},"36":{"start":{"line":37,"column":0},"end":{"line":37,"column":74}},"37":{"start":{"line":38,"column":0},"end":{"line":38,"column":36}},"38":{"start":{"line":39,"column":0},"end":{"line":39,"column":3}},"40":{"start":{"line":41,"column":0},"end":{"line":41,"column":64}},"41":{"start":{"line":42,"column":0},"end":{"line":42,"column":95}},"42":{"start":{"line":43,"column":0},"end":{"line":43,"column":28}},"43":{"start":{"line":44,"column":0},"end":{"line":44,"column":3}},"44":{"start":{"line":45,"column":0},"end":{"line":45,"column":14}},"45":{"start":{"line":46,"column":0},"end":{"line":46,"column":1}},"47":{"start":{"line":48,"column":0},"end":{"line":48,"column":63}},"48":{"start":{"line":49,"column":0},"end":{"line":49,"column":29}},"49":{"start":{"line":50,"column":0},"end":{"line":50,"column":71}},"50":{"start":{"line":51,"column":0},"end":{"line":51,"column":20}},"51":{"start":{"line":52,"column":0},"end":{"line":52,"column":2}},"52":{"start":{"line":53,"column":0},"end":{"line":53,"column":27}},"54":{"start":{"line":55,"column":0},"end":{"line":55,"column":61}}},"s":{"0":1,"7":1,"9":1,"10":0,"11":0,"13":1,"14":0,"15":0,"17":1,"18":0,"19":0,"20":0,"21":0,"22":0,"24":0,"26":0,"27":0,"28":0,"30":0,"31":0,"32":0,"33":0,"35":0,"36":0,"37":0,"38":0,"40":0,"41":0,"42":0,"43":0,"44":0,"45":0,"47":1,"48":1,"49":1,"50":1,"51":1,"52":1,"54":1},"branchMap":{"0":{"type":"branch","line":55,"loc":{"start":{"line":55,"column":31},"end":{"line":55,"column":61}},"locations":[{"start":{"line":55,"column":31},"end":{"line":55,"column":61}}]}},"b":{"0":[4]},"fnMap":{"0":{"name":"updateThemeInHtml","decl":{"start":{"line":10,"column":7},"end":{"line":12,"column":1}},"loc":{"start":{"line":10,"column":7},"end":{"line":12,"column":1}},"line":10},"1":{"name":"updateThemeInLocalStorage","decl":{"start":{"line":14,"column":7},"end":{"line":16,"column":1}},"loc":{"start":{"line":14,"column":7},"end":{"line":16,"column":1}},"line":14},"2":{"name":"initTheme","decl":{"start":{"line":18,"column":7},"end":{"line":46,"column":1}},"loc":{"start":{"line":18,"column":7},"end":{"line":46,"column":1}},"line":18},"3":{"name":"setTheme","decl":{"start":{"line":51,"column":12},"end":{"line":51,"column":20}},"loc":{"start":{"line":51,"column":12},"end":{"line":51,"column":20}},"line":51},"4":{"name":"useThemeContext","decl":{"start":{"line":55,"column":31},"end":{"line":55,"column":61}},"loc":{"start":{"line":55,"column":31},"end":{"line":55,"column":61}},"line":55}},"f":{"0":0,"1":0,"2":0,"3":0,"4":4}},"/Users/yevhen.fabizhevskyi/Source/personal/business-card/src/components/Controls/ErrorBlock.tsx":{"path":"/Users/yevhen.fabizhevskyi/Source/personal/business-card/src/components/Controls/ErrorBlock.tsx","all":false,"statementMap":{"0":{"start":{"line":1,"column":0},"end":{"line":1,"column":30}},"1":{"start":{"line":2,"column":0},"end":{"line":2,"column":48}},"7":{"start":{"line":8,"column":0},"end":{"line":8,"column":36}},"8":{"start":{"line":9,"column":0},"end":{"line":9,"column":17}},"9":{"start":{"line":10,"column":0},"end":{"line":10,"column":41}},"10":{"start":{"line":11,"column":0},"end":{"line":11,"column":10}},"11":{"start":{"line":12,"column":0},"end":{"line":12,"column":27}},"12":{"start":{"line":13,"column":0},"end":{"line":13,"column":41}},"13":{"start":{"line":14,"column":0},"end":{"line":14,"column":68}},"14":{"start":{"line":15,"column":0},"end":{"line":15,"column":71}},"18":{"start":{"line":19,"column":0},"end":{"line":19,"column":1}}},"s":{"0":1,"1":1,"7":1,"8":1,"9":1,"10":1,"11":1,"12":1,"13":1,"14":1,"18":1},"branchMap":{"0":{"type":"branch","line":8,"loc":{"start":{"line":8,"column":15},"end":{"line":19,"column":1}},"locations":[{"start":{"line":8,"column":15},"end":{"line":19,"column":1}}]}},"b":{"0":[1]},"fnMap":{"0":{"name":"ErrorBlock","decl":{"start":{"line":8,"column":15},"end":{"line":19,"column":1}},"loc":{"start":{"line":8,"column":15},"end":{"line":19,"column":1}},"line":8}},"f":{"0":1}},"/Users/yevhen.fabizhevskyi/Source/personal/business-card/src/components/Controls/Section.tsx":{"path":"/Users/yevhen.fabizhevskyi/Source/personal/business-card/src/components/Controls/Section.tsx","all":false,"statementMap":{"0":{"start":{"line":1,"column":0},"end":{"line":1,"column":30}},"1":{"start":{"line":2,"column":0},"end":{"line":2,"column":51}},"2":{"start":{"line":3,"column":0},"end":{"line":3,"column":43}},"3":{"start":{"line":4,"column":0},"end":{"line":4,"column":46}},"9":{"start":{"line":10,"column":0},"end":{"line":10,"column":90}},"10":{"start":{"line":11,"column":0},"end":{"line":11,"column":32}},"11":{"start":{"line":12,"column":0},"end":{"line":12,"column":10}},"12":{"start":{"line":13,"column":0},"end":{"line":13,"column":37}},"13":{"start":{"line":14,"column":0},"end":{"line":14,"column":53}},"14":{"start":{"line":15,"column":0},"end":{"line":15,"column":39}},"17":{"start":{"line":18,"column":0},"end":{"line":18,"column":1}}},"s":{"0":1,"1":1,"2":1,"3":1,"9":1,"10":1,"11":1,"12":1,"13":1,"14":1,"17":1},"branchMap":{"0":{"type":"branch","line":10,"loc":{"start":{"line":10,"column":15},"end":{"line":18,"column":1}},"locations":[{"start":{"line":10,"column":15},"end":{"line":18,"column":1}}]}},"b":{"0":[1]},"fnMap":{"0":{"name":"Section","decl":{"start":{"line":10,"column":15},"end":{"line":18,"column":1}},"loc":{"start":{"line":10,"column":15},"end":{"line":18,"column":1}},"line":10}},"f":{"0":1}},"/Users/yevhen.fabizhevskyi/Source/personal/business-card/src/components/Controls/SectionTitle.tsx":{"path":"/Users/yevhen.fabizhevskyi/Source/personal/business-card/src/components/Controls/SectionTitle.tsx","all":false,"statementMap":{"0":{"start":{"line":1,"column":0},"end":{"line":1,"column":30}},"2":{"start":{"line":3,"column":0},"end":{"line":3,"column":81}},"3":{"start":{"line":4,"column":0},"end":{"line":4,"column":10}},"4":{"start":{"line":5,"column":0},"end":{"line":5,"column":54}},"5":{"start":{"line":6,"column":0},"end":{"line":6,"column":25}},"6":{"start":{"line":7,"column":0},"end":{"line":7,"column":12}},"9":{"start":{"line":10,"column":0},"end":{"line":10,"column":1}}},"s":{"0":1,"2":1,"3":1,"4":1,"5":1,"6":1,"9":1},"branchMap":{"0":{"type":"branch","line":3,"loc":{"start":{"line":3,"column":15},"end":{"line":10,"column":1}},"locations":[{"start":{"line":3,"column":15},"end":{"line":10,"column":1}}]}},"b":{"0":[1]},"fnMap":{"0":{"name":"SectionTitle","decl":{"start":{"line":3,"column":15},"end":{"line":10,"column":1}},"loc":{"start":{"line":3,"column":15},"end":{"line":10,"column":1}},"line":3}},"f":{"0":1}},"/Users/yevhen.fabizhevskyi/Source/personal/business-card/src/components/Controls/SocialIcon.tsx":{"path":"/Users/yevhen.fabizhevskyi/Source/personal/business-card/src/components/Controls/SocialIcon.tsx","all":false,"statementMap":{"0":{"start":{"line":1,"column":0},"end":{"line":1,"column":30}},"7":{"start":{"line":8,"column":0},"end":{"line":8,"column":68}},"8":{"start":{"line":9,"column":0},"end":{"line":9,"column":10}},"9":{"start":{"line":10,"column":0},"end":{"line":10,"column":6}},"10":{"start":{"line":11,"column":0},"end":{"line":11,"column":21}},"11":{"start":{"line":12,"column":0},"end":{"line":12,"column":21}},"12":{"start":{"line":13,"column":0},"end":{"line":13,"column":31}},"13":{"start":{"line":14,"column":0},"end":{"line":14,"column":16}},"15":{"start":{"line":16,"column":0},"end":{"line":16,"column":45}},"18":{"start":{"line":19,"column":0},"end":{"line":19,"column":1}}},"s":{"0":1,"7":1,"8":1,"9":1,"10":1,"11":1,"12":1,"13":1,"15":1,"18":1},"branchMap":{"0":{"type":"branch","line":8,"loc":{"start":{"line":8,"column":15},"end":{"line":19,"column":1}},"locations":[{"start":{"line":8,"column":15},"end":{"line":19,"column":1}}]}},"b":{"0":[1]},"fnMap":{"0":{"name":"SocialIcon","decl":{"start":{"line":8,"column":15},"end":{"line":19,"column":1}},"loc":{"start":{"line":8,"column":15},"end":{"line":19,"column":1}},"line":8}},"f":{"0":1}},"/Users/yevhen.fabizhevskyi/Source/personal/business-card/src/components/Controls/ThemeImage.tsx":{"path":"/Users/yevhen.fabizhevskyi/Source/personal/business-card/src/components/Controls/ThemeImage.tsx","all":false,"statementMap":{"0":{"start":{"line":1,"column":0},"end":{"line":1,"column":30}},"1":{"start":{"line":2,"column":0},"end":{"line":2,"column":58}},"11":{"start":{"line":12,"column":0},"end":{"line":12,"column":99}},"12":{"start":{"line":13,"column":0},"end":{"line":13,"column":37}},"14":{"start":{"line":15,"column":0},"end":{"line":15,"column":10}},"15":{"start":{"line":16,"column":0},"end":{"line":16,"column":8}},"16":{"start":{"line":17,"column":0},"end":{"line":17,"column":27}},"17":{"start":{"line":18,"column":0},"end":{"line":18,"column":63}},"18":{"start":{"line":19,"column":0},"end":{"line":19,"column":15}},"19":{"start":{"line":20,"column":0},"end":{"line":20,"column":19}},"20":{"start":{"line":21,"column":0},"end":{"line":21,"column":20}},"23":{"start":{"line":24,"column":0},"end":{"line":24,"column":1}}},"s":{"0":1,"1":1,"11":1,"12":4,"14":4,"15":4,"16":4,"17":4,"18":4,"19":4,"20":4,"23":4},"branchMap":{"0":{"type":"branch","line":12,"loc":{"start":{"line":12,"column":15},"end":{"line":24,"column":1}},"locations":[{"start":{"line":12,"column":15},"end":{"line":24,"column":1}}]},"1":{"type":"branch","line":18,"loc":{"start":{"line":18,"column":21},"end":{"line":18,"column":54}},"locations":[{"start":{"line":18,"column":21},"end":{"line":18,"column":54}}]},"2":{"type":"branch","line":18,"loc":{"start":{"line":18,"column":31},"end":{"line":18,"column":54}},"locations":[{"start":{"line":18,"column":31},"end":{"line":18,"column":54}}]},"3":{"type":"branch","line":18,"loc":{"start":{"line":18,"column":42},"end":{"line":18,"column":63}},"locations":[{"start":{"line":18,"column":42},"end":{"line":18,"column":63}}]}},"b":{"0":[4],"1":[1],"2":[0],"3":[3]},"fnMap":{"0":{"name":"ThemeImage","decl":{"start":{"line":12,"column":15},"end":{"line":24,"column":1}},"loc":{"start":{"line":12,"column":15},"end":{"line":24,"column":1}},"line":12}},"f":{"0":4}},"/Users/yevhen.fabizhevskyi/Source/personal/business-card/src/components/Controls/__mocks__/Section.tsx":{"path":"/Users/yevhen.fabizhevskyi/Source/personal/business-card/src/components/Controls/__mocks__/Section.tsx","all":false,"statementMap":{"0":{"start":{"line":1,"column":0},"end":{"line":1,"column":30}},"3":{"start":{"line":4,"column":0},"end":{"line":4,"column":90}},"4":{"start":{"line":5,"column":0},"end":{"line":5,"column":10}},"5":{"start":{"line":6,"column":0},"end":{"line":6,"column":55}},"7":{"start":{"line":8,"column":0},"end":{"line":8,"column":1}}},"s":{"0":1,"3":1,"4":9,"5":9,"7":9},"branchMap":{"0":{"type":"branch","line":4,"loc":{"start":{"line":4,"column":15},"end":{"line":8,"column":1}},"locations":[{"start":{"line":4,"column":15},"end":{"line":8,"column":1}}]}},"b":{"0":[9]},"fnMap":{"0":{"name":"Section","decl":{"start":{"line":4,"column":15},"end":{"line":8,"column":1}},"loc":{"start":{"line":4,"column":15},"end":{"line":8,"column":1}},"line":4}},"f":{"0":9}},"/Users/yevhen.fabizhevskyi/Source/personal/business-card/src/components/Controls/__mocks__/SectionTitle.tsx":{"path":"/Users/yevhen.fabizhevskyi/Source/personal/business-card/src/components/Controls/__mocks__/SectionTitle.tsx","all":false,"statementMap":{"0":{"start":{"line":1,"column":0},"end":{"line":1,"column":30}},"2":{"start":{"line":3,"column":0},"end":{"line":3,"column":81}},"3":{"start":{"line":4,"column":0},"end":{"line":4,"column":10}},"4":{"start":{"line":5,"column":0},"end":{"line":5,"column":52}},"6":{"start":{"line":7,"column":0},"end":{"line":7,"column":1}}},"s":{"0":1,"2":1,"3":2,"4":2,"6":2},"branchMap":{"0":{"type":"branch","line":3,"loc":{"start":{"line":3,"column":15},"end":{"line":7,"column":1}},"locations":[{"start":{"line":3,"column":15},"end":{"line":7,"column":1}}]}},"b":{"0":[2]},"fnMap":{"0":{"name":"SectionTitle","decl":{"start":{"line":3,"column":15},"end":{"line":7,"column":1}},"loc":{"start":{"line":3,"column":15},"end":{"line":7,"column":1}},"line":3}},"f":{"0":2}},"/Users/yevhen.fabizhevskyi/Source/personal/business-card/src/components/Controls/__mocks__/SocialIcon.tsx":{"path":"/Users/yevhen.fabizhevskyi/Source/personal/business-card/src/components/Controls/__mocks__/SocialIcon.tsx","all":false,"statementMap":{"0":{"start":{"line":1,"column":0},"end":{"line":1,"column":30}},"3":{"start":{"line":4,"column":0},"end":{"line":4,"column":68}},"4":{"start":{"line":5,"column":0},"end":{"line":5,"column":10}},"5":{"start":{"line":6,"column":0},"end":{"line":6,"column":39}},"7":{"start":{"line":8,"column":0},"end":{"line":8,"column":1}}},"s":{"0":1,"3":1,"4":5,"5":5,"7":5},"branchMap":{"0":{"type":"branch","line":4,"loc":{"start":{"line":4,"column":15},"end":{"line":8,"column":1}},"locations":[{"start":{"line":4,"column":15},"end":{"line":8,"column":1}}]}},"b":{"0":[5]},"fnMap":{"0":{"name":"SocialIcon","decl":{"start":{"line":4,"column":15},"end":{"line":8,"column":1}},"loc":{"start":{"line":4,"column":15},"end":{"line":8,"column":1}},"line":4}},"f":{"0":5}},"/Users/yevhen.fabizhevskyi/Source/personal/business-card/src/components/Controls/__mocks__/ThemeImage.tsx":{"path":"/Users/yevhen.fabizhevskyi/Source/personal/business-card/src/components/Controls/__mocks__/ThemeImage.tsx","all":false,"statementMap":{"0":{"start":{"line":1,"column":0},"end":{"line":1,"column":30}},"3":{"start":{"line":4,"column":0},"end":{"line":4,"column":36}},"4":{"start":{"line":5,"column":0},"end":{"line":5,"column":42}},"5":{"start":{"line":6,"column":0},"end":{"line":6,"column":21}},"6":{"start":{"line":7,"column":0},"end":{"line":7,"column":10}},"7":{"start":{"line":8,"column":0},"end":{"line":8,"column":43}},"8":{"start":{"line":9,"column":0},"end":{"line":9,"column":54}},"11":{"start":{"line":12,"column":0},"end":{"line":12,"column":1}}},"s":{"0":1,"3":1,"4":2,"5":2,"6":2,"7":2,"8":2,"11":2},"branchMap":{"0":{"type":"branch","line":4,"loc":{"start":{"line":4,"column":15},"end":{"line":12,"column":1}},"locations":[{"start":{"line":4,"column":15},"end":{"line":12,"column":1}}]}},"b":{"0":[2]},"fnMap":{"0":{"name":"ThemeImage","decl":{"start":{"line":4,"column":15},"end":{"line":12,"column":1}},"loc":{"start":{"line":4,"column":15},"end":{"line":12,"column":1}},"line":4}},"f":{"0":2}},"/Users/yevhen.fabizhevskyi/Source/personal/business-card/src/components/Education/EducationMain.tsx":{"path":"/Users/yevhen.fabizhevskyi/Source/personal/business-card/src/components/Education/EducationMain.tsx","all":false,"statementMap":{"0":{"start":{"line":1,"column":0},"end":{"line":1,"column":30}},"1":{"start":{"line":2,"column":0},"end":{"line":2,"column":60}},"2":{"start":{"line":3,"column":0},"end":{"line":3,"column":41}},"3":{"start":{"line":4,"column":0},"end":{"line":4,"column":43}},"4":{"start":{"line":5,"column":0},"end":{"line":5,"column":37}},"6":{"start":{"line":7,"column":0},"end":{"line":7,"column":41}},"7":{"start":{"line":8,"column":0},"end":{"line":8,"column":10}},"8":{"start":{"line":9,"column":0},"end":{"line":9,"column":28}},"9":{"start":{"line":10,"column":0},"end":{"line":10,"column":11}},"10":{"start":{"line":11,"column":0},"end":{"line":11,"column":33}},"11":{"start":{"line":12,"column":0},"end":{"line":12,"column":14}},"12":{"start":{"line":13,"column":0},"end":{"line":13,"column":26}},"13":{"start":{"line":14,"column":0},"end":{"line":14,"column":34}},"14":{"start":{"line":15,"column":0},"end":{"line":15,"column":67}},"15":{"start":{"line":16,"column":0},"end":{"line":16,"column":30}},"16":{"start":
[...]
16":0,"18":0,"19":0,"20":0,"21":0,"22":0,"24":0,"25":0,"27":0,"28":0,"32":0},"branchMap":{"0":{"type":"branch","line":1,"loc":{"start":{"line":1,"column":1018},"end":{"line":33,"column":1}},"locations":[{"start":{"line":1,"column":1018},"end":{"line":33,"column":1}}]}},"b":{"0":[0]},"fnMap":{"0":{"name":"(empty-report)","decl":{"start":{"line":1,"column":1018},"end":{"line":33,"column":1}},"loc":{"start":{"line":1,"column":1018},"end":{"line":33,"column":1}},"line":1}},"f":{"0":0}},"/Users/yevhen.fabizhevskyi/Source/personal/business-card/src/components/Experience/ExperienceItem.tsx":{"path":"/Users/yevhen.fabizhevskyi/Source/personal/business-card/src/components/Experience/ExperienceItem.tsx","all":true,"statementMap":{"0":{"start":{"line":1,"column":0},"end":{"line":1,"column":30}},"1":{"start":{"line":2,"column":0},"end":{"line":2,"column":78}},"2":{"start":{"line":3,"column":0},"end":{"line":3,"column":46}},"11":{"start":{"line":12,"column":0},"end":{"line":12,"column":77}},"12":{"start":{"line":13,"column":0},"end":{"line":13,"column":77}},"13":{"start":{"line":14,"column":0},"end":{"line":14,"column":38}},"15":{"start":{"line":16,"column":0},"end":{"line":16,"column":30}},"16":{"start":{"line":17,"column":0},"end":{"line":17,"column":46}},"17":{"start":{"line":18,"column":0},"end":{"line":18,"column":18}},"18":{"start":{"line":19,"column":0},"end":{"line":19,"column":48}},"19":{"start":{"line":20,"column":0},"end":{"line":20,"column":10}},"20":{"start":{"line":21,"column":0},"end":{"line":21,"column":58}},"21":{"start":{"line":22,"column":0},"end":{"line":22,"column":42}},"23":{"start":{"line":24,"column":0},"end":{"line":24,"column":14}},"25":{"start":{"line":26,"column":0},"end":{"line":26,"column":61}},"26":{"start":{"line":27,"column":0},"end":{"line":27,"column":57}},"32":{"start":{"line":33,"column":0},"end":{"line":33,"column":5}},"34":{"start":{"line":35,"column":0},"end":{"line":35,"column":33}},"35":{"start":{"line":36,"column":0},"end":{"line":36,"column":29}},"36":{"start":{"line":37,"column":0},"end":{"line":37,"column":30}},"37":{"start":{"line":38,"column":0},"end":{"line":38,"column":10}},"38":{"start":{"line":39,"column":0},"end":{"line":39,"column":6}},"39":{"start":{"line":40,"column":0},"end":{"line":40,"column":39}},"40":{"start":{"line":41,"column":0},"end":{"line":41,"column":52}},"41":{"start":{"line":42,"column":0},"end":{"line":42,"column":53}},"43":{"start":{"line":44,"column":0},"end":{"line":44,"column":40}},"44":{"start":{"line":45,"column":0},"end":{"line":45,"column":108}},"46":{"start":{"line":47,"column":0},"end":{"line":47,"column":38}},"47":{"start":{"line":48,"column":0},"end":{"line":48,"column":109}},"49":{"start":{"line":50,"column":0},"end":{"line":50,"column":44}},"50":{"start":{"line":51,"column":0},"end":{"line":51,"column":89}},"51":{"start":{"line":52,"column":0},"end":{"line":52,"column":47}},"55":{"start":{"line":56,"column":0},"end":{"line":56,"column":1}}},"s":{"0":0,"1":0,"2":0,"11":0,"12":0,"13":0,"15":0,"16":0,"17":0,"18":0,"19":0,"20":0,"21":0,"23":0,"25":0,"26":0,"32":0,"34":0,"35":0,"36":0,"37":0,"38":0,"39":0,"40":0,"41":0,"43":0,"44":0,"46":0,"47":0,"49":0,"50":0,"51":0,"55":0},"branchMap":{"0":{"type":"branch","line":1,"loc":{"start":{"line":1,"column":1830},"end":{"line":56,"column":1}},"locations":[{"start":{"line":1,"column":1830},"end":{"line":56,"column":1}}]}},"b":{"0":[0]},"fnMap":{"0":{"name":"(empty-report)","decl":{"start":{"line":1,"column":1830},"end":{"line":56,"column":1}},"loc":{"start":{"line":1,"column":1830},"end":{"line":56,"column":1}},"line":1}},"f":{"0":0}},"/Users/yevhen.fabizhevskyi/Source/personal/business-card/src/__tests__/__mocks__/i18next.ts":{"path":"/Users/yevhen.fabizhevskyi/Source/personal/business-card/src/__tests__/__mocks__/i18next.ts","all":true,"statementMap":{"0":{"start":{"line":1,"column":0},"end":{"line":1,"column":27}},"2":{"start":{"line":3,"column":0},"end":{"line":3,"column":14}},"3":{"start":{"line":4,"column":0},"end":{"line":4,"column":24}},"4":{"start":{"line":5,"column":0},"end":{"line":5,"column":1}},"6":{"start":{"line":7,"column":0},"end":{"line":7,"column":19}}},"s":{"0":0,"2":0,"3":0,"4":0,"6":0},"branchMap":{"0":{"type":"branch","line":1,"loc":{"start":{"line":1,"column":91},"end":{"line":7,"column":19}},"locations":[{"start":{"line":1,"column":91},"end":{"line":7,"column":19}}]}},"b":{"0":[0]},"fnMap":{"0":{"name":"(empty-report)","decl":{"start":{"line":1,"column":91},"end":{"line":7,"column":19}},"loc":{"start":{"line":1,"column":91},"end":{"line":7,"column":19}},"line":1}},"f":{"0":0}},"/Users/yevhen.fabizhevskyi/Source/personal/business-card/src/__tests__/__mocks__/fileMock.ts":{"path":"/Users/yevhen.fabizhevskyi/Source/personal/business-card/src/__tests__/__mocks__/fileMock.ts","all":true,"statementMap":{"0":{"start":{"line":1,"column":0},"end":{"line":1,"column":31}}},"s":{"0":0},"branchMap":{"0":{"type":"branch","line":1,"loc":{"start":{"line":1,"column":31},"end":{"line":1,"column":31}},"locations":[{"start":{"line":1,"column":31},"end":{"line":1,"column":31}}]}},"b":{"0":[0]},"fnMap":{"0":{"name":"(empty-report)","decl":{"start":{"line":1,"column":31},"end":{"line":1,"column":31}},"loc":{"start":{"line":1,"column":31},"end":{"line":1,"column":31}},"line":1}},"f":{"0":0}},"/Users/yevhen.fabizhevskyi/Source/personal/business-card/src/components/Contexts/LanguageContext.ts":{"path":"/Users/yevhen.fabizhevskyi/Source/personal/business-card/src/components/Contexts/LanguageContext.ts","all":true,"statementMap":{"0":{"start":{"line":1,"column":0},"end":{"line":1,"column":51}},"1":{"start":{"line":2,"column":0},"end":{"line":2,"column":31}},"2":{"start":{"line":3,"column":0},"end":{"line":3,"column":48}},"3":{"start":{"line":4,"column":0},"end":{"line":4,"column":47}},"4":{"start":{"line":5,"column":0},"end":{"line":5,"column":47}},"5":{"start":{"line":6,"column":0},"end":{"line":6,"column":47}},"6":{"start":{"line":7,"column":0},"end":{"line":7,"column":36}},"10":{"start":{"line":11,"column":0},"end":{"line":11,"column":74}},"11":{"start":{"line":12,"column":0},"end":{"line":12,"column":66}},"18":{"start":{"line":19,"column":0},"end":{"line":19,"column":55}},"19":{"start":{"line":20,"column":0},"end":{"line":20,"column":51}},"20":{"start":{"line":21,"column":0},"end":{"line":21,"column":48}},"21":{"start":{"line":22,"column":0},"end":{"line":22,"column":48}},"22":{"start":{"line":23,"column":0},"end":{"line":23,"column":38}},"25":{"start":{"line":26,"column":0},"end":{"line":26,"column":13}},"26":{"start":{"line":27,"column":0},"end":{"line":27,"column":30}},"27":{"start":{"line":28,"column":0},"end":{"line":28,"column":26}},"28":{"start":{"line":29,"column":0},"end":{"line":29,"column":11}},"29":{"start":{"line":30,"column":0},"end":{"line":30,"column":52}},"30":{"start":{"line":31,"column":0},"end":{"line":31,"column":26}},"31":{"start":{"line":32,"column":0},"end":{"line":32,"column":49}},"32":{"start":{"line":33,"column":0},"end":{"line":33,"column":21}},"33":{"start":{"line":34,"column":0},"end":{"line":34,"column":24}},"34":{"start":{"line":35,"column":0},"end":{"line":35,"column":26}},"35":{"start":{"line":36,"column":0},"end":{"line":36,"column":18}},"36":{"start":{"line":37,"column":0},"end":{"line":37,"column":27}},"37":{"start":{"line":38,"column":0},"end":{"line":38,"column":27}},"38":{"start":{"line":39,"column":0},"end":{"line":39,"column":26}},"39":{"start":{"line":40,"column":0},"end":{"line":40,"column":8}},"40":{"start":{"line":41,"column":0},"end":{"line":41,"column":14}},"41":{"start":{"line":42,"column":0},"end":{"line":42,"column":41}},"42":{"start":{"line":43,"column":0},"end":{"line":43,"column":47}},"43":{"start":{"line":44,"column":0},"end":{"line":44,"column":7}},"44":{"start":{"line":45,"column":0},"end":{"line":45,"column":36}},"45":{"start":{"line":46,"column":0},"end":{"line":46,"column":35}},"46":{"start":{"line":47,"column":0},"end":{"line":47,"column":46}},"47":{"start":{"line":48,"column":0},"end":{"line":48,"column":45}},"48":{"start":{"line":49,"column":0},"end":{"line":49,"column":8}},"49":{"start":{"line":50,"column":0},"end":{"line":50,"column":44}},"50":{"start":{"line":51,"column":0},"end":{"line":51,"column":15}},"51":{"start":{"line":52,"column":0},"end":{"line":52,"column":60}},"53":{"start":{"line":54,"column":0},"end":{"line":54,"column":54}},"54":{"start":{"line":55,"column":0},"end":{"line":55,"column":6}},"55":{"start":{"line":56,"column":0},"end":{"line":56,"column":1}},"57":{"start":{"line":58,"column":0},"end":{"line":58,"column":66}},"58":{"start":{"line":59,"column":0},"end":{"line":59,"column":45}},"59":{"start":{"line":60,"column":0},"end":{"line":60,"column":1}},"61":{"start":{"line":62,"column":0},"end":{"line":62,"column":69}},"62":{"start":{"line":63,"column":0},"end":{"line":63,"column":42}},"64":{"start":{"line":65,"column":0},"end":{"line":65,"column":23}},"65":{"start":{"line":66,"column":0},"end":{"line":66,"column":2}},"66":{"start":{"line":67,"column":0},"end":{"line":67,"column":30}}},"s":{"0":0,"1":0,"2":0,"3":0,"4":0,"5":0,"6":0,"10":0,"11":0,"18":0,"19":0,"20":0,"21":0,"22":0,"25":0,"26":0,"27":0,"28":0,"29":0,"30":0,"31":0,"32":0,"33":0,"34":0,"35":0,"36":0,"37":0,"38":0,"39":0,"40":0,"41":0,"42":0,"43":0,"44":0,"45":0,"46":0,"47":0,"48":0,"49":0,"50":0,"51":0,"53":0,"54":0,"55":0,"57":0,"58":0,"59":0,"61":0,"62":0,"64":0,"65":0,"66":0},"branchMap":{"0":{"type":"branch","line":1,"loc":{"start":{"line":1,"column":2162},"end":{"line":67,"column":30}},"locations":[{"start":{"line":1,"column":2162},"end":{"line":67,"column":30}}]}},"b":{"0":[0]},"fnMap":{"0":{"name":"(empty-report)","decl":{"start":{"line":1,"column":2162},"end":{"line":67,"column":30}},"loc":{"start":{"line":1,"column":2162},"end":{"line":67,"column":30}},"line":1}},"f":{"0":0}},"/Users/yevhen.fabizhevskyi/Source/personal/business-card/src/scripts/technologies/types.ts":{"path":"/Users/yevhen.fabizhevskyi/Source/personal/business-card/src/scripts/technologies/types.ts","all":true,"statementMap":{},"s":{},"branchMap":{"0":{"type":"branch","line":1,"loc":{"start":{"line":1,"column":189},"end":{"line":11,"column":1}},"locations":[{"start":{"line":1,"column":189},"end":{"line":11,"column":1}}]}},"b":{"0":[1]},"fnMap":{"0":{"name":"(empty-report)","decl":{"start":{"line":1,"column":189},"end":{"line":11,"column":1}},"loc":{"start":{"line":1,"column":189},"end":{"line":11,"column":1}},"line":1}},"f":{"0":1}},"/Users/yevhen.fabizhevskyi/Source/personal/business-card/src/scripts/services/RemoteService.ts":{"path":"/Users/yevhen.fabizhevskyi/Source/personal/business-card/src/scripts/services/RemoteService.ts","all":true,"statementMap":{},"s":{},"branchMap":{"0":{"type":"branch","line":1,"loc":{"start":{"line":1,"column":69},"end":{"line":3,"column":1}},"locations":[{"start":{"line":1,"column":69},"end":{"line":3,"column":1}}]}},"b":{"0":[1]},"fnMap":{"0":{"name":"(empty-report)","decl":{"start":{"line":1,"column":69},"end":{"line":3,"column":1}},"loc":{"start":{"line":1,"column":69},"end":{"line":3,"column":1}},"line":1}},"f":{"0":1}},"/Users/yevhen.fabizhevskyi/Source/personal/business-card/src/scripts/experience/types.ts":{"path":"/Users/yevhen.fabizhevskyi/Source/personal/business-card/src/scripts/experience/types.ts","all":true,"statementMap":{},"s":{},"branchMap":{"0":{"type":"branch","line":1,"loc":{"start":{"line":1,"column":196},"end":{"line":12,"column":1}},"locations":[{"start":{"line":1,"column":196},"end":{"line":12,"column":1}}]}},"b":{"0":[1]},"fnMap":{"0":{"name":"(empty-report)","decl":{"start":{"line":1,"column":196},"end":{"line":12,"column":1}},"loc":{"start":{"line":1,"column":196},"end":{"line":12,"column":1}},"line":1}},"f":{"0":1}},"/Users/yevhen.fabizhevskyi/Source/personal/business-card/src/scripts/certificates/types.ts":{"path":"/Users/yevhen.fabizhevskyi/Source/personal/business-card/src/scripts/certificates/types.ts","all":true,"statementMap":{},"s":{},"branchMap":{"0":{"type":"branch","line":1,"loc":{"start":{"line":1,"column":237},"end":{"line":13,"column":1}},"locations":[{"start":{"line":1,"column":237},"end":{"line":13,"column":1}}]}},"b":{"0":[1]},"fnMap":{"0":{"name":"(empty-report)","decl":{"start":{"line":1,"column":237},"end":{"line":13,"column":1}},"loc":{"start":{"line":1,"column":237},"end":{"line":13,"column":1}},"line":1}},"f":{"0":1}},"/Users/yevhen.fabizhevskyi/Source/personal/business-card/src/app.tsx":{"path":"/Users/yevhen.fabizhevskyi/Source/personal/business-card/src/app.tsx","all":true,"statementMap":{"0":{"start":{"line":1,"column":0},"end":{"line":1,"column":28}},"1":{"start":{"line":2,"column":0},"end":{"line":2,"column":30}},"2":{"start":{"line":3,"column":0},"end":{"line":3,"column":34}},"3":{"start":{"line":4,"column":0},"end":{"line":4,"column":48}},"4":{"start":{"line":5,"column":0},"end":{"line":5,"column":45}},"5":{"start":{"line":6,"column":0},"end":{"line":6,"column":50}},"7":{"start":{"line":8,"column":0},"end":{"line":8,"column":17}},"8":{"start":{"line":9,"column":0},"end":{"line":9,"column":46}},"9":{"start":{"line":10,"column":0},"end":{"line":10,"column":1}},"11":{"start":{"line":12,"column":0},"end":{"line":12,"column":51}},"12":{"start":{"line":13,"column":0},"end":{"line":13,"column":16}},"13":{"start":{"line":14,"column":0},"end":{"line":14,"column":22}},"14":{"start":{"line":15,"column":0},"end":{"line":15,"column":49}},"15":{"start":{"line":16,"column":0},"end":{"line":16,"column":25}},"17":{"start":{"line":18,"column":0},"end":{"line":18,"column":15}}},"s":{"0":0,"1":0,"2":0,"3":0,"4":0,"5":0,"7":0,"8":0,"9":0,"11":0,"12":0,"13":0,"14":0,"15":0,"17":0},"branchMap":{"0":{"type":"branch","line":1,"loc":{"start":{"line":1,"column":546},"end":{"line":21,"column":1}},"locations":[{"start":{"line":1,"column":546},"end":{"line":21,"column":1}}]}},"b":{"0":[0]},"fnMap":{"0":{"name":"(empty-report)","decl":{"start":{"line":1,"column":546},"end":{"line":21,"column":1}},"loc":{"start":{"line":1,"column":546},"end":{"line":21,"column":1}},"line":1}},"f":{"0":0}},"/Users/yevhen.fabizhevskyi/Source/personal/business-card/src/scripts/services/__mocks__/StackExchangeService.ts":{"path":"/Users/yevhen.fabizhevskyi/Source/personal/business-card/src/scripts/services/__mocks__/StackExchangeService.ts","all":true,"statementMap":{"3":{"start":{"line":4,"column":0},"end":{"line":4,"column":79}},"4":{"start":{"line":5,"column":0},"end":{"line":5,"column":48}},"6":{"start":{"line":7,"column":0},"end":{"line":7,"column":71}},"7":{"start":{"line":8,"column":0},"end":{"line":8,"column":32}},"8":{"start":{"line":9,"column":0},"end":{"line":9,"column":3}},"10":{"start":{"line":11,"column":0},"end":{"line":11,"column":54}},"11":{"start":{"line":12,"column":0},"end":{"line":12,"column":43}},"12":{"start":{"line":13,"column":0},"end":{"line":13,"column":3}},"13":{"start":{"line":14,"column":0},"end":{"line":14,"column":1}}},"s":{"3":0,"4":0,"6":0,"7":0,"8":0,"10":0,"11":0,"12":0,"13":0},"branchMap":{"0":{"type":"branch","line":1,"loc":{"start":{"line":1,"column":460},"end":{"line":14,"column":1}},"locations":[{"start":{"line":1,"column":460},"end":{"line":14,"column":1}}]}},"b":{"0":[1]},"fnMap":{"0":{"name":"(empty-report)","decl":{"start":{"line":1,"column":460},"end":{"line":14,"column":1}},"loc":{"start":{"line":1,"column":460},"end":{"line":14,"column":1}},"line":1}},"f":{"0":1}},"/Users/yevhen.fabizhevskyi/Source/personal/business-card/src/__tests__/components/Stats/StatsStackExchange.tsx":{"path":"/Users/yevhen.fabizhevskyi/Source/personal/business-card/src/__tests__/components/Stats/StatsStackExchange.tsx","all":true,"statementMap":{"0":{"start":{"line":1,"column":0},"end":{"line":1,"column":34}},"1":{"start":{"line":2,"column":0},"end":{"line":2,"column":30}},"2":{"start":{"line":3,"column":0},"end":{"line":3,"column":47}},"4":{"start":{"line":5,"column":0},"end":{"line":5,"column":61}},"6":{"start":{"line":7,"column":0},"end":{"line":7,"column":77}},"11":{"start":{"line":12,"column":0},"end":{"line":12,"column":65}},"12":{"start":{"line":13,"column":0},"end":{"line":13,"column":46}},"14":{"start":{"line":15,"column":0},"end":{"line":15,"column":45}},"15":{"start":{"line":16,"column":0},"end":{"line":16,"column":48}},"17":{"start":{"line":18,"column":0},"end":{"line":18,"column":63}},"18":{"start":{"line":19,"column":0},"end":{"line":19,"column":33}},"20":{"start":{"line":21,"column":0},"end":{"line":21,"column":56}},"21":{"start":{"line":22,"column":0},"end":{"line":22,"column":44}},"22":{"start":{"line":23,"column":0},"end":{"line":23,"column":3}},"24":{"start":{"line":25,"column":0},"end":{"line":25,"column":41}},"25":{"start":{"line":26,"column":0},"end":{"line":26,"column":38}},"26":{"start":{"line":27,"column":0},"end":{"line":27,"column":3}},"27":{"start":{"line":28,"column":0},"end":{"line":28,"column":1}},"29":{"start":{"line":30,"column":0},"end":{"line":30,"column":38}},"30":{"start":{"line":31,"column":0},"end":{"line":31,"column":38}},"32":{"start":{"line":33,"column":0},"end":{"line":33,"column":20}},"33":{"start":{"line":34,"column":0},"end":{"line":34,"column":60}},"34":{"start":{"line":35,"column":0},"end":{"line":35,"column":4}},"36":{"start":{"line":37,"column":0},"end":{"line":37,"column":19}},"37":{"start":{"line":38,"column":0},"end":{"line":38,"column":34}},"38":{"start":{"line":39,"column":0},"end":{"line":39,"column":4}},"40":{"start":{"line":41,"column":0},"end":{"line":41,"column":74}},"41":{"start":{"line":42,"column":0},"end":{"line":42,"column":80}},"42":{"start":{"line":43,"column":0},"end":{"line":43,"column":33}},"43":{"start":{"line":44,"column":0},"end":{"line":44,"column":93}},"45":{"start":{"line":46,"column":0},"end":{"line":46,"column":11}},"46":{"start":{"line":47,"column":0},"end":{"line":47,"column":86}},"47":{"start":{"line":48,"column":0},"end":{"line":48,"column":25}},"48":{"start":{"line":49,"column":0},"end":{"line":49,"column":4}},"50":{"start":{"line":51,"column":0},"end":{"line":51,"column":72}},"51":{"start":{"line":52,"column":0},"end":{"line":52,"column":59}},"52":{"start":{"line":53,"column":0},"end":{"line":53,"column":53}},"53":{"start":{"line":54,"column":0},"end":{"line":54,"column":48}},"54":{"start":{"line":55,"column":0},"end":{"line":55,"column":49}},"55":{"start":{"line":56,"column":0},"end":{"line":56,"column":40}},"56":{"start":{"line":57,"column":0},"end":{"line":57,"column":68}},"57":{"start":{"line":58,"column":0},"end":{"line":58,"column":54}},"60":{"start":{"line":61,"column":0},"end":{"line":61,"column":33}},"61":{"start":{"line":62,"column":0},"end":{"line":62,"column":25}},"62":{"start":{"line":63,"column":0},"end":{"line":63,"column":81}},"63":{"start":{"line":64,"column":0},"end":{"line":64,"column":35}},"64":{"start":{"line":65,"column":0},"end":{"line":65,"column":25}},"65":{"start":{"line":66,"column":0},"end":{"line":66,"column":27}},"68":{"start":{"line":69,"column":0},"end":{"line":69,"column":11}},"69":{"start":{"line":70,"column":0},"end":{"line":70,"column":98}},"70":{"start":{"line":71,"column":0},"end":{"line":71,"column":64}},"71":{"start":{"line":72,"column":0},"end":{"line":72,"column":4}},"72":{"start":{"line":73,"column":0},"end":{"line":73,"column":2}}},"s":{"0":0,"1":0,"2":0,"4":0,"6":0,"11":0,"12":0,"14":0,"15":0,"17":0,"18":0,"20":0,"21":0,"22":0,"24":0,"25":0,"26":0,"27":0,"29":0,"30":0,"32":0,"33":0,"34":0,"36":0,"37":0,"38":0,"40":0,"41":0,"42":0,"43":0,"45":0,"46":0,"47":0,"48":0,"50":0,"51":0,"52":0,"53":0,"54":0,"55":0,"56":0,"57":0,"60":0,"61":0,"62":0,"63":0,"64":0,"65":0,"68":0,"69":0,"70":0,"71":0,"72":0},"branchMap":{"0":{"type":"branch","line":1,"loc":{"start":{"line":1,"column":2536},"end":{"line":73,"column":2}},"locations":[{"start":{"line":1,"column":2536},"end":{"line":73,"column":2}}]}},"b":{"0":[0]},"fnMap":{"0":{"name":"(empty-report)","decl":{"start":{"line":1,"column":2536},"end":{"line":73,"column":2}},"loc":{"start":{"line":1,"column":2536},"end":{"line":73,"column":2}},"line":1}},"f":{"0":0}}}}
